================================================================================
==
==   Density Functional based Tight Binding with a lot of extensions (DFTB+)    
==
==                          Unofficial release (r3130)
==
==                            (ParserVersion = 3)
==
================================================================================


********************************************************************************
** Parsing and initializing
********************************************************************************

Interpreting input file 'dftb_in.hsd'
--------------------------------------------------------------------------------


Processed input in HSD format written to 'dftb_pin.hsd'

Starting initialization...
--------------------------------------------------------------------------------
Mode:                        Conjugate gradient relaxation
Self consistent charges:     Yes
SCC-tolerance:                 0.100000E-04
Max. scc iterations:                    100
Spin polarisation:           No
Nr. of up electrons:            56.000000
Nr. of down electrons:          56.000000
Periodic boundaries:         Yes
Diagonalizer:                Divide and Conquer
Mixer:                       Broyden mixer
Mixing parameter:                  0.200000
Maximal SCC-cycles:                     100
Nr. of chrg. vec. in memory:            100
Nr. of moved atoms:                      28
Max. nr. of geometry steps:            1000
Force tolerance:               0.100000E-03
Electronic temperature:        0.316682E-03
Initial charges:             Set automatically (system chrg:   0.000E+00)
Included shells:              C:  S, P
K-points and weights:           1:  0.000000  0.000000  0.000000     0.015625
                                2:  0.000000  0.125000  0.000000     0.031250
                                3:  0.000000  0.250000  0.000000     0.031250
                                4:  0.000000  0.375000  0.000000     0.031250
                                5:  0.000000  0.500000  0.000000     0.015625
                                6:  0.125000  0.000000  0.000000     0.031250
                                7:  0.125000  0.125000  0.000000     0.031250
                                8:  0.125000  0.250000  0.000000     0.031250
                                9:  0.125000  0.375000  0.000000     0.031250
                               10:  0.125000  0.500000  0.000000     0.031250
                               11:  0.125000  0.625000  0.000000     0.031250
                               12:  0.125000  0.750000  0.000000     0.031250
                               13:  0.125000  0.875000  0.000000     0.031250
                               14:  0.250000  0.000000  0.000000     0.031250
                               15:  0.250000  0.125000  0.000000     0.031250
                               16:  0.250000  0.250000  0.000000     0.031250
                               17:  0.250000  0.375000  0.000000     0.031250
                               18:  0.250000  0.500000  0.000000     0.031250
                               19:  0.250000  0.625000  0.000000     0.031250
                               20:  0.250000  0.750000  0.000000     0.031250
                               21:  0.250000  0.875000  0.000000     0.031250
                               22:  0.375000  0.000000  0.000000     0.031250
                               23:  0.375000  0.125000  0.000000     0.031250
                               24:  0.375000  0.250000  0.000000     0.031250
                               25:  0.375000  0.375000  0.000000     0.031250
                               26:  0.375000  0.500000  0.000000     0.031250
                               27:  0.375000  0.625000  0.000000     0.031250
                               28:  0.375000  0.750000  0.000000     0.031250
                               29:  0.375000  0.875000  0.000000     0.031250
                               30:  0.500000  0.000000  0.000000     0.015625
                               31:  0.500000  0.125000  0.000000     0.031250
                               32:  0.500000  0.250000  0.000000     0.031250
                               33:  0.500000  0.375000  0.000000     0.031250
                               34:  0.500000  0.500000  0.000000     0.015625
Extra options:
--------------------------------------------------------------------------------
 

********************************************************************************
** Geometry step:    0
********************************************************************************

  iSCC Total electronic   Diff electronic      SCC error    
    1   -0.50003000E+02    0.00000000E+00    0.15849539E+00
    2   -0.50009193E+02   -0.61927572E-02    0.79583610E-01
    3   -0.50010583E+02   -0.13902227E-02    0.26054297E-01
    4   -0.50010641E+02   -0.57642282E-04    0.88578166E-02
    5   -0.50010651E+02   -0.10106326E-04    0.29557831E-02
    6   -0.50010652E+02   -0.11541129E-05    0.71526296E-03
    7   -0.50010652E+02   -0.60065290E-07    0.18881148E-03
    8   -0.50010652E+02   -0.38378687E-08    0.57388274E-04
    9   -0.50010652E+02   -0.47795368E-09    0.25568692E-04
   10   -0.50010652E+02   -0.48942184E-10    0.69781432E-05
 
 Total Energy:                         -48.125606
 Total Mermin free energy:             -48.125606
 Maximal force component:                0.202907
>> Charges saved for restart in charges.bin

********************************************************************************
** Geometry step:    1
********************************************************************************

  iSCC Total electronic   Diff electronic      SCC error    
    1   -0.49960131E+02    0.00000000E+00    0.96897689E-01
    2   -0.49961210E+02   -0.10794941E-02    0.62505265E-01
    3   -0.49961462E+02   -0.25158711E-03    0.16353181E-01
    4   -0.49961484E+02   -0.22233620E-04    0.33966609E-02
    5   -0.49961487E+02   -0.26243630E-05    0.99875636E-03
    6   -0.49961487E+02   -0.18764263E-06    0.18308151E-03
    7   -0.49961487E+02   -0.38540762E-08    0.81554662E-04
    8   -0.49961487E+02   -0.59206684E-09    0.35497991E-04
    9   -0.49961487E+02   -0.67878148E-10    0.91452905E-05
 
 Total Energy:                         -48.395311
 Total Mermin free energy:             -48.395311
 Maximal force component:                0.070595
>> Charges saved for restart in charges.bin

********************************************************************************
** Geometry step:    2
********************************************************************************

  iSCC Total electronic   Diff electronic      SCC error    
    1   -0.49939645E+02    0.00000000E+00    0.93704346E-01
    2   -0.49940313E+02   -0.66809583E-03    0.59962696E-01
    3   -0.49940494E+02   -0.18134187E-03    0.10950805E-01
    4   -0.49940514E+02   -0.19799900E-04    0.26225191E-02
    5   -0.49940515E+02   -0.98829747E-06    0.10958306E-02
    6   -0.49940515E+02   -0.11991267E-06    0.22305323E-03
    7   -0.49940515E+02   -0.42575081E-08    0.10518526E-03
    8   -0.49940515E+02   -0.87106145E-09    0.34568182E-04
    9   -0.49940515E+02   -0.84007468E-10    0.77276387E-05
 
 Total Energy:                         -48.250065
 Total Mermin free energy:             -48.250065
 Maximal force component:                0.259874
>> Charges saved for restart in charges.bin

********************************************************************************
** Geometry step:    3
********************************************************************************

  iSCC Total electronic   Diff electronic      SCC error    
    1   -0.49954219E+02    0.00000000E+00    0.73949653E-01
    2   -0.49954697E+02   -0.47824471E-03    0.49340656E-01
    3   -0.49954831E+02   -0.13381335E-03    0.10852945E-01
    4   -0.49954846E+02   -0.14867117E-04    0.17082095E-02
    5   -0.49954846E+02   -0.45559982E-06    0.64277714E-03
    6   -0.49954846E+02   -0.48855547E-07    0.18049291E-03
    7   -0.49954846E+02   -0.28430023E-08    0.67606344E-04
    8   -0.49954846E+02   -0.41844572E-09    0.30868607E-04
    9   -0.49954846E+02   -0.52715166E-10    0.65297604E-05
 
 Total Energy:                         -48.399764
 Total Mermin free energy:             -48.399764
 Maximal force component:                0.077216
>> Charges saved for restart in charges.bin

********************************************************************************
** Geometry step:    4
********************************************************************************

  iSCC Total electronic   Diff electronic      SCC error    
    1   -0.49914619E+02    0.00000000E+00    0.85848674E-01
    2   -0.49915485E+02   -0.86642410E-03    0.55471083E-01
    3   -0.49915724E+02   -0.23861107E-03    0.12094414E-01
    4   -0.49915749E+02   -0.25155501E-04    0.40168329E-02
    5   -0.49915752E+02   -0.27116519E-05    0.10608217E-02
    6   -0.49915752E+02   -0.24498107E-06    0.17622906E-03
    7   -0.49915752E+02   -0.45055515E-08    0.75807745E-04
    8   -0.49915752E+02   -0.10447039E-08    0.22545998E-04
    9   -0.49915752E+02   -0.40373038E-10    0.63024806E-05
 
 Total Energy:                         -48.516868
 Total Mermin free energy:             -48.516868
 Maximal force component:                0.059147
>> Charges saved for restart in charges.bin

********************************************************************************
** Geometry step:    5
********************************************************************************

  iSCC Total electronic   Diff electronic      SCC error    
    1   -0.49897617E+02    0.00000000E+00    0.97625412E-01
    2   -0.49898557E+02   -0.93968261E-03    0.60450023E-01
    3   -0.49898830E+02   -0.27334230E-03    0.14148834E-01
    4   -0.49898858E+02   -0.27258615E-04    0.45096700E-02
    5   -0.49898861E+02   -0.33229173E-05    0.10046621E-02
    6   -0.49898861E+02   -0.21765133E-06    0.21168639E-03
    7   -0.49898861E+02   -0.56643117E-08    0.11666163E-03
    8   -0.49898861E+02   -0.12387957E-08    0.28161766E-04
    9   -0.49898861E+02   -0.10980017E-09    0.10643015E-04
   10   -0.49898861E+02   -0.15475621E-10    0.27807043E-05
 
 Total Energy:                         -48.432504
 Total Mermin free energy:             -48.432504
 Maximal force component:                0.187075
>> Charges saved for restart in charges.bin

********************************************************************************
** Geometry step:    6
********************************************************************************

  iSCC Total electronic   Diff electronic      SCC error    
    1   -0.49911333E+02    0.00000000E+00    0.80533144E-01
    2   -0.49912060E+02   -0.72710999E-03    0.51893730E-01
    3   -0.49912264E+02   -0.20424333E-03    0.11052263E-01
    4   -0.49912288E+02   -0.23784355E-04    0.37038461E-02
    5   -0.49912290E+02   -0.26303027E-05    0.86936271E-03
    6   -0.49912291E+02   -0.18568545E-06    0.15572825E-03
    7   -0.49912291E+02   -0.38283474E-08    0.90392686E-04
    8   -0.49912291E+02   -0.10627090E-08    0.25616688E-04
    9   -0.49912291E+02   -0.59038996E-10    0.35039972E-05
 
 Total Energy:                         -48.519123
 Total Mermin free energy:             -48.519123
 Maximal force component:                0.074200
>> Charges saved for restart in charges.bin

********************************************************************************
** Geometry step:    7
********************************************************************************

  iSCC Total electronic   Diff electronic      SCC error    
    1   -0.49893863E+02    0.00000000E+00    0.64726921E-01
    2   -0.49895707E+02   -0.18445051E-02    0.37527046E-01
    3   -0.49896092E+02   -0.38536658E-03    0.12032384E-01
    4   -0.49896101E+02   -0.84689409E-05    0.29403369E-02
    5   -0.49896102E+02   -0.15925187E-05    0.75553586E-03
    6   -0.49896103E+02   -0.90756004E-07    0.24897910E-03
    7   -0.49896103E+02   -0.17575985E-08    0.11053613E-03
    8   -0.49896103E+02   -0.10945556E-08    0.18519680E-04
    9   -0.49896103E+02   -0.26396663E-10    0.48266834E-05
 
 Total Energy:                         -48.538362
 Total Mermin free energy:             -48.538362
 Maximal force component:                0.087281
>> Charges saved for restart in charges.bin

********************************************************************************
** Geometry step:    8
********************************************************************************

  iSCC Total electronic   Diff electronic      SCC error    
    1   -0.49899805E+02    0.00000000E+00    0.30864118E-01
    2   -0.49900172E+02   -0.36716837E-03    0.17481079E-01
    3   -0.49900252E+02   -0.79973672E-04    0.50706894E-02
    4   -0.49900254E+02   -0.19755159E-05    0.12035128E-02
    5   -0.49900254E+02   -0.30453698E-06    0.29698593E-03
    6   -0.49900255E+02   -0.18787830E-07    0.86912378E-04
    7   -0.49900255E+02   -0.31619862E-09    0.37501860E-04
    8   -0.49900255E+02   -0.18069812E-09    0.52864326E-05
 
 Total Energy:                         -48.557336
 Total Mermin free energy:             -48.557336
 Maximal force component:                0.036004
>> Charges saved for restart in charges.bin

********************************************************************************
** Geometry step:    9
********************************************************************************

  iSCC Total electronic   Diff electronic      SCC error    
    1   -0.49912777E+02    0.00000000E+00    0.51038034E-01
    2   -0.49913168E+02   -0.39072242E-03    0.30900916E-01
    3   -0.49913278E+02   -0.11030746E-03    0.87958204E-02
    4   -0.49913285E+02   -0.71894437E-05    0.32156831E-02
    5   -0.49913287E+02   -0.13811437E-05    0.72904242E-03
    6   -0.49913287E+02   -0.57067460E-07    0.16045712E-03
    7   -0.49913287E+02   -0.18434534E-08    0.64467680E-04
    8   -0.49913287E+02   -0.54998850E-09    0.17323307E-04
    9   -0.49913287E+02   -0.33232084E-10    0.50382189E-05
 
 Total Energy:                         -48.549555
 Total Mermin free energy:             -48.549555
 Maximal force component:                0.056444
>> Charges saved for restart in charges.bin

********************************************************************************
** Geometry step:   10
********************************************************************************

  iSCC Total electronic   Diff electronic      SCC error    
    1   -0.49905766E+02    0.00000000E+00    0.30663808E-01
    2   -0.49905900E+02   -0.13375743E-03    0.18122057E-01
    3   -0.49905938E+02   -0.38213952E-04    0.51808994E-02
    4   -0.49905941E+02   -0.24605698E-05    0.18965649E-02
    5   -0.49905941E+02   -0.46125464E-06    0.40562953E-03
    6   -0.49905941E+02   -0.18579115E-07    0.90371478E-04
    7   -0.49905941E+02   -0.58003735E-09    0.34996588E-04
    8   -0.49905941E+02   -0.17715251E-09    0.96321488E-05
 
 Total Energy:                         -48.565651
 Total Mermin free energy:             -48.565651
 Maximal force component:                0.013504
>> Charges saved for restart in charges.bin

********************************************************************************
** Geometry step:   11
********************************************************************************

  iSCC Total electronic   Diff electronic      SCC error    
    1   -0.49905097E+02    0.00000000E+00    0.12251669E-01
    2   -0.49905150E+02   -0.52524905E-04    0.73011927E-02
    3   -0.49905159E+02   -0.93506757E-05    0.22991548E-02
    4   -0.49905160E+02   -0.55272047E-06    0.78537192E-03
    5   -0.49905160E+02   -0.15314288E-06    0.99960822E-04
    6   -0.49905160E+02   -0.29746090E-08    0.28063177E-04
    7   -0.49905160E+02   -0.34965808E-10    0.14440483E-04
    8   -0.49905160E+02   -0.24613200E-10    0.40660403E-05
 
 Total Energy:                         -48.567890
 Total Mermin free energy:             -48.567890
 Maximal force component:                0.014254
>> Charges saved for restart in charges.bin

********************************************************************************
** Geometry step:   12
********************************************************************************

  iSCC Total electronic   Diff electronic      SCC error    
    1   -0.49905372E+02    0.00000000E+00    0.31116594E-02
    2   -0.49905375E+02   -0.34713055E-05    0.18563969E-02
    3   -0.49905376E+02   -0.61156315E-06    0.59507458E-03
    4   -0.49905376E+02   -0.36015045E-07    0.20413912E-03
    5   -0.49905376E+02   -0.10004300E-07    0.25041735E-04
    6   -0.49905376E+02   -0.19314683E-09    0.69765728E-05
 
 Total Energy:                         -48.568185
 Total Mermin free energy:             -48.568185
 Maximal force component:                0.009545
>> Charges saved for restart in charges.bin

********************************************************************************
** Geometry step:   13
********************************************************************************

  iSCC Total electronic   Diff electronic      SCC error    
    1   -0.49906153E+02    0.00000000E+00    0.74864157E-02
    2   -0.49906191E+02   -0.38645446E-04    0.55221297E-02
    3   -0.49906195E+02   -0.32126807E-05    0.21766988E-02
    4   -0.49906195E+02   -0.39906418E-06    0.50412863E-03
    5   -0.49906195E+02   -0.40692768E-07    0.76501106E-04
    6   -0.49906195E+02   -0.13214176E-08    0.26188982E-04
    7   -0.49906195E+02   -0.42128079E-10    0.10839951E-04
    8   -0.49906195E+02   -0.19717561E-10    0.39095096E-05
 
 Total Energy:                         -48.568994
 Total Mermin free energy:             -48.568994
 Maximal force component:                0.011998
>> Charges saved for restart in charges.bin

********************************************************************************
** Geometry step:   14
********************************************************************************

  iSCC Total electronic   Diff electronic      SCC error    
    1   -0.49906035E+02    0.00000000E+00    0.23106043E-02
    2   -0.49906038E+02   -0.36044291E-05    0.16988136E-02
    3   -0.49906039E+02   -0.30142512E-06    0.66758240E-03
    4   -0.49906039E+02   -0.37590176E-07    0.15531417E-03
    5   -0.49906039E+02   -0.38139731E-08    0.23690259E-04
    6   -0.49906039E+02   -0.12339285E-09    0.68601629E-05
 
 Total Energy:                         -48.569187
 Total Mermin free energy:             -48.569187
 Maximal force component:                0.006744
>> Charges saved for restart in charges.bin

********************************************************************************
** Geometry step:   15
********************************************************************************

  iSCC Total electronic   Diff electronic      SCC error    
    1   -0.49906929E+02    0.00000000E+00    0.80399533E-02
    2   -0.49906944E+02   -0.14708169E-04    0.51072889E-02
    3   -0.49906947E+02   -0.31182565E-05    0.13055856E-02
    4   -0.49906947E+02   -0.14314926E-06    0.52743502E-03
    5   -0.49906947E+02   -0.33619848E-07    0.79182667E-04
    6   -0.49906947E+02   -0.98692965E-09    0.22451770E-04
    7   -0.49906947E+02   -0.47471360E-10    0.98541124E-05
 
 Total Energy:                         -48.569118
 Total Mermin free energy:             -48.569118
 Maximal force component:                0.010856
>> Charges saved for restart in charges.bin

********************************************************************************
** Geometry step:   16
********************************************************************************

  iSCC Total electronic   Diff electronic      SCC error    
    1   -0.49906513E+02    0.00000000E+00    0.42540170E-02
    2   -0.49906517E+02   -0.41199674E-05    0.27043069E-02
    3   -0.49906518E+02   -0.87812507E-06    0.69332777E-03
    4   -0.49906518E+02   -0.40562817E-07    0.27920942E-03
    5   -0.49906518E+02   -0.95235819E-08    0.41991783E-04
    6   -0.49906518E+02   -0.27986857E-09    0.11910682E-04
    7   -0.49906518E+02   -0.18381741E-10    0.35452888E-05
 
 Total Energy:                         -48.569455
 Total Mermin free energy:             -48.569455
 Maximal force component:                0.002367
>> Charges saved for restart in charges.bin

********************************************************************************
** Geometry step:   17
********************************************************************************

  iSCC Total electronic   Diff electronic      SCC error    
    1   -0.49905850E+02    0.00000000E+00    0.32189939E-02
    2   -0.49905851E+02   -0.99636555E-06    0.21071696E-02
    3   -0.49905851E+02   -0.24873383E-06    0.54563182E-03
    4   -0.49905851E+02   -0.31713036E-07    0.17322381E-03
    5   -0.49905851E+02   -0.63779382E-08    0.46507795E-04
    6   -0.49905851E+02   -0.11986856E-09    0.10764855E-04
    7   -0.49905851E+02   -0.19106494E-10    0.23077667E-05
 
 Total Energy:                         -48.569469
 Total Mermin free energy:             -48.569469
 Maximal force component:                0.004791
>> Charges saved for restart in charges.bin

********************************************************************************
** Geometry step:   18
********************************************************************************

  iSCC Total electronic   Diff electronic      SCC error    
    1   -0.49906157E+02    0.00000000E+00    0.15166913E-02
    2   -0.49906157E+02   -0.22207890E-06    0.99316936E-03
    3   -0.49906157E+02   -0.55357766E-07    0.25790697E-03
    4   -0.49906157E+02   -0.70550570E-08    0.81639709E-04
    5   -0.49906157E+02   -0.14187407E-08    0.21992342E-04
    6   -0.49906157E+02   -0.26581404E-10    0.50619364E-05
 
 Total Energy:                         -48.569526
 Total Mermin free energy:             -48.569526
 Maximal force component:                0.001992
>> Charges saved for restart in charges.bin

********************************************************************************
** Geometry step:   19
********************************************************************************

  iSCC Total electronic   Diff electronic      SCC error    
    1   -0.49906377E+02    0.00000000E+00    0.78516554E-03
    2   -0.49906377E+02   -0.86070045E-07    0.50093294E-03
    3   -0.49906377E+02   -0.32020658E-07    0.14571843E-03
    4   -0.49906377E+02   -0.12327703E-08    0.38767259E-04
    5   -0.49906377E+02   -0.22473046E-09    0.12514432E-04
    6   -0.49906377E+02   -0.10516032E-10    0.22589084E-05
 
 Total Energy:                         -48.569589
 Total Mermin free energy:             -48.569589
 Maximal force component:                0.001622
>> Charges saved for restart in charges.bin

********************************************************************************
** Geometry step:   20
********************************************************************************

  iSCC Total electronic   Diff electronic      SCC error    
    1   -0.49906625E+02    0.00000000E+00    0.12722799E-02
    2   -0.49906625E+02   -0.22600907E-06    0.81267114E-03
    3   -0.49906625E+02   -0.84144339E-07    0.23543232E-03
    4   -0.49906625E+02   -0.32432297E-08    0.62741003E-04
    5   -0.49906625E+02   -0.58593486E-09    0.20108235E-04
    6   -0.49906625E+02   -0.27732483E-10    0.37680033E-05
 
 Total Energy:                         -48.569547
 Total Mermin free energy:             -48.569547
 Maximal force component:                0.004075
>> Charges saved for restart in charges.bin

********************************************************************************
** Geometry step:   21
********************************************************************************

  iSCC Total electronic   Diff electronic      SCC error    
    1   -0.49906455E+02    0.00000000E+00    0.94112305E-03
    2   -0.49906455E+02   -0.12311565E-06    0.60076301E-03
    3   -0.49906455E+02   -0.45801862E-07    0.17403613E-03
    4   -0.49906455E+02   -0.17744668E-08    0.46172853E-04
    5   -0.49906455E+02   -0.31795366E-09    0.14694046E-04
    6   -0.49906455E+02   -0.15042190E-10    0.28320096E-05
 
 Total Energy:                         -48.569596
 Total Mermin free energy:             -48.569596
 Maximal force component:                0.002065
>> Charges saved for restart in charges.bin

********************************************************************************
** Geometry step:   22
********************************************************************************

  iSCC Total electronic   Diff electronic      SCC error    
    1   -0.49906534E+02    0.00000000E+00    0.16631494E-02
    2   -0.49906535E+02   -0.21155413E-06    0.11125611E-02
    3   -0.49906535E+02   -0.64836733E-07    0.32967414E-03
    4   -0.49906535E+02   -0.91979899E-08    0.60881339E-04
    5   -0.49906535E+02   -0.10088144E-08    0.25123078E-04
    6   -0.49906535E+02   -0.24691360E-10    0.44115092E-05
 
 Total Energy:                         -48.569612
 Total Mermin free energy:             -48.569612
 Maximal force component:                0.002269
>> Charges saved for restart in charges.bin

********************************************************************************
** Geometry step:   23
********************************************************************************

  iSCC Total electronic   Diff electronic      SCC error    
    1   -0.49906498E+02    0.00000000E+00    0.68224375E-03
    2   -0.49906498E+02   -0.35558429E-07    0.45624588E-03
    3   -0.49906498E+02   -0.10876349E-07    0.13467604E-03
    4   -0.49906498E+02   -0.15439454E-08    0.25023693E-04
    5   -0.49906498E+02   -0.17033130E-09    0.10335424E-04
    6   -0.49906498E+02   -0.41637804E-11    0.18197544E-05
 
 Total Energy:                         -48.569627
 Total Mermin free energy:             -48.569627
 Maximal force component:                0.000923
>> Charges saved for restart in charges.bin

********************************************************************************
** Geometry step:   24
********************************************************************************

  iSCC Total electronic   Diff electronic      SCC error    
    1   -0.49906245E+02    0.00000000E+00    0.98229128E-03
    2   -0.49906245E+02   -0.34675941E-06    0.61714424E-03
    3   -0.49906245E+02   -0.76801321E-07    0.19254035E-03
    4   -0.49906245E+02   -0.57422298E-08    0.64518990E-04
    5   -0.49906245E+02   -0.11269208E-08    0.12303772E-04
    6   -0.49906245E+02   -0.41367798E-10    0.38934431E-05
 
 Total Energy:                         -48.569626
 Total Mermin free energy:             -48.569626
 Maximal force component:                0.001713
>> Charges saved for restart in charges.bin

********************************************************************************
** Geometry step:   25
********************************************************************************

  iSCC Total electronic   Diff electronic      SCC error    
    1   -0.49906379E+02    0.00000000E+00    0.50417997E-03
    2   -0.49906380E+02   -0.91541651E-07    0.31727841E-03
    3   -0.49906380E+02   -0.20260678E-07    0.99117761E-04
    4   -0.49906380E+02   -0.15202843E-08    0.32730850E-04
    5   -0.49906380E+02   -0.29615421E-09    0.63278610E-05
 
 Total Energy:                         -48.569636
 Total Mermin free energy:             -48.569636
 Maximal force component:                0.000437
>> Charges saved for restart in charges.bin

********************************************************************************
** Geometry step:   26
********************************************************************************

  iSCC Total electronic   Diff electronic      SCC error    
    1   -0.49906569E+02    0.00000000E+00    0.58407596E-03
    2   -0.49906569E+02   -0.40541558E-07    0.37803940E-03
    3   -0.49906569E+02   -0.98564357E-08    0.85757080E-04
    4   -0.49906569E+02   -0.10887646E-08    0.36713447E-04
    5   -0.49906569E+02   -0.19831248E-09    0.81799348E-05
 
 Total Energy:                         -48.569635
 Total Mermin free energy:             -48.569635
 Maximal force component:                0.001028
>> Charges saved for restart in charges.bin

********************************************************************************
** Geometry step:   27
********************************************************************************

  iSCC Total electronic   Diff electronic      SCC error    
    1   -0.49906465E+02    0.00000000E+00    0.31617606E-03
    2   -0.49906465E+02   -0.12016706E-07    0.20474433E-03
    3   -0.49906465E+02   -0.29485179E-08    0.45269755E-04
    4   -0.49906465E+02   -0.31875658E-09    0.19878050E-04
    5   -0.49906465E+02   -0.57070793E-10    0.42631504E-05
 
 Total Energy:                         -48.569639
 Total Mermin free energy:             -48.569639
 Maximal force component:                0.000232
>> Charges saved for restart in charges.bin

********************************************************************************
** Geometry step:   28
********************************************************************************

  iSCC Total electronic   Diff electronic      SCC error    
    1   -0.49906394E+02    0.00000000E+00    0.29472103E-03
    2   -0.49906394E+02   -0.18881074E-07    0.18167457E-03
    3   -0.49906394E+02   -0.58335132E-08    0.42583518E-04
    4   -0.49906394E+02   -0.20132518E-09    0.17737576E-04
    5   -0.49906394E+02   -0.42398085E-10    0.41706830E-05
 
 Total Energy:                         -48.569639
 Total Mermin free energy:             -48.569639
 Maximal force component:                0.000372
>> Charges saved for restart in charges.bin

********************************************************************************
** Geometry step:   29
********************************************************************************

  iSCC Total electronic   Diff electronic      SCC error    
    1   -0.49906435E+02    0.00000000E+00    0.17308674E-03
    2   -0.49906435E+02   -0.63126677E-08    0.10698034E-03
    3   -0.49906435E+02   -0.19644659E-08    0.23646301E-04
    4   -0.49906435E+02   -0.66343375E-10    0.99877693E-05
 
 Total Energy:                         -48.569640
 Total Mermin free energy:             -48.569640
 Maximal force component:                0.000088
>> Charges saved for restart in charges.bin
 
 Geometry converged
