 KPT            1  SPIN            1
   -20.95577     2.00000
   -20.22094     2.00000
   -20.22083     2.00000
   -18.96033     2.00000
   -18.96023     2.00000
   -18.28680     2.00000
   -18.28666     2.00000
   -18.27415     2.00000
   -18.27403     2.00000
   -18.12897     2.00000
   -18.12883     2.00000
   -16.92902     2.00000
   -16.45454     2.00000
   -16.45446     2.00000
   -15.13464     2.00000
   -14.67818     2.00000
   -14.67803     2.00000
   -13.09986     2.00000
   -13.09972     2.00000
   -12.98626     2.00000
   -12.98612     2.00000
   -12.89812     2.00000
   -12.89800     2.00000
   -12.38835     2.00000
   -12.38826     2.00000
   -11.53680     2.00000
   -11.53676     2.00000
   -10.53177     2.00000
   -10.29293     2.00000
   -10.29283     2.00000
   -10.28564     2.00000
   -10.28546     2.00000
   -10.03929     2.00000
   -10.03922     2.00000
    -9.73466     2.00000
    -9.73454     2.00000
    -9.68515     2.00000
    -9.31931     2.00000
    -9.31927     2.00000
    -9.19424     2.00000
    -9.19411     2.00000
    -8.43362     2.00000
    -8.43348     2.00000
    -8.32895     2.00000
    -8.32893     2.00000
    -7.75469     2.00000
    -7.75447     2.00000
    -7.72339     2.00000
    -7.72322     2.00000
    -7.57686     2.00000
    -7.57664     2.00000
    -7.23371     2.00000
    -7.05764     2.00000
    -6.77341     2.00000
    -6.02228     2.00000
    -6.02210     2.00000
    -3.51145     0.00000
    -3.51122     0.00000
    -2.64187     0.00000
    -1.52378     0.00000
    -1.52345     0.00000
    -1.41197     0.00000
    -1.41172     0.00000
    -1.40294     0.00000
    -1.40258     0.00000
    -0.42883     0.00000
    -0.42857     0.00000
     1.92298     0.00000
     1.92320     0.00000
     3.49177     0.00000
     6.17401     0.00000
     6.81785     0.00000
     7.23736     0.00000
     7.23788     0.00000
     8.04427     0.00000
     8.54982     0.00000
     8.55094     0.00000
     9.27609     0.00000
     9.27632     0.00000
     9.69116     0.00000
     9.69248     0.00000
     9.92948     0.00000
     9.93030     0.00000
    10.22726     0.00000
    10.22795     0.00000
    10.57795     0.00000
    10.85469     0.00000
    10.85559     0.00000
    13.04500     0.00000
    13.04619     0.00000
    13.36513     0.00000
    13.36579     0.00000
    13.82841     0.00000
    13.82952     0.00000
    14.11027     0.00000
    14.11076     0.00000
    14.44118     0.00000
    14.44207     0.00000
    15.51888     0.00000
    15.51951     0.00000
    15.69901     0.00000
    15.69982     0.00000
    16.98693     0.00000
    18.19163     0.00000
    18.19258     0.00000
    18.28786     0.00000
    18.28920     0.00000
    19.60444     0.00000
    19.77934     0.00000
    19.78069     0.00000
    21.42999     0.00000
    21.43090     0.00000
 
 KPT            2  SPIN            1
   -20.94415     2.00000
   -20.39154     2.00000
   -20.02864     2.00000
   -18.95125     2.00000
   -18.94766     2.00000
   -18.45335     2.00000
   -18.44474     2.00000
   -18.42962     2.00000
   -18.10873     2.00000
   -18.10141     2.00000
   -17.79120     2.00000
   -16.98153     2.00000
   -16.69802     2.00000
   -16.27725     2.00000
   -15.06583     2.00000
   -14.91708     2.00000
   -14.37415     2.00000
   -13.41047     2.00000
   -13.24421     2.00000
   -13.17899     2.00000
   -13.02685     2.00000
   -12.58564     2.00000
   -12.54792     2.00000
   -12.49547     2.00000
   -12.28405     2.00000
   -11.55788     2.00000
   -11.47132     2.00000
   -10.51908     2.00000
   -10.51353     2.00000
   -10.37012     2.00000
   -10.34529     2.00000
   -10.19332     2.00000
   -10.06109     2.00000
    -9.91857     2.00000
    -9.77486     2.00000
    -9.72573     2.00000
    -9.69838     2.00000
    -9.52837     2.00000
    -9.39321     2.00000
    -9.05113     2.00000
    -8.87894     2.00000
    -8.56789     2.00000
    -8.42984     2.00000
    -8.41449     2.00000
    -8.10246     2.00000
    -7.91926     2.00000
    -7.89572     2.00000
    -7.87054     2.00000
    -7.56900     2.00000
    -7.56732     2.00000
    -7.25388     2.00000
    -7.25349     2.00000
    -7.10332     2.00000
    -6.79671     2.00000
    -6.19879     2.00000
    -5.93155     2.00000
    -3.60655     0.00000
    -3.31641     0.00000
    -2.61315     0.00000
    -1.96187     0.00000
    -1.65000     0.00000
    -1.62208     0.00000
    -1.21058     0.00000
    -1.17827     0.00000
    -1.07391     0.00000
    -0.45243     0.00000
    -0.43836     0.00000
     1.54726     0.00000
     2.26824     0.00000
     3.46523     0.00000
     6.20933     0.00000
     6.85397     0.00000
     7.08449     0.00000
     7.38984     0.00000
     8.07251     0.00000
     8.36779     0.00000
     8.73242     0.00000
     8.73973     0.00000
     9.33172     0.00000
     9.65817     0.00000
     9.85798     0.00000
    10.00177     0.00000
    10.08348     0.00000
    10.30853     0.00000
    10.45419     0.00000
    10.47809     0.00000
    10.63025     0.00000
    11.15248     0.00000
    12.89959     0.00000
    13.03338     0.00000
    13.11266     0.00000
    13.18723     0.00000
    13.56760     0.00000
    13.76737     0.00000
    13.84062     0.00000
    14.59344     0.00000
    14.59647     0.00000
    15.00215     0.00000
    15.24976     0.00000
    15.51209     0.00000
    15.69278     0.00000
    15.96797     0.00000
    16.94492     0.00000
    17.75181     0.00000
    17.88788     0.00000
    18.48025     0.00000
    18.81296     0.00000
    19.17069     0.00000
    19.57770     0.00000
    20.31103     0.00000
    21.23071     0.00000
    21.54944     0.00000
 
 KPT            3  SPIN            1
   -20.90931     2.00000
   -20.54022     2.00000
   -19.81526     2.00000
   -18.92053     2.00000
   -18.91351     2.00000
   -18.76223     2.00000
   -18.58223     2.00000
   -18.56662     2.00000
   -17.91363     2.00000
   -17.91142     2.00000
   -17.44393     2.00000
   -17.11891     2.00000
   -16.95825     2.00000
   -16.26416     2.00000
   -14.98309     2.00000
   -14.87987     2.00000
   -14.06815     2.00000
   -13.81712     2.00000
   -13.60330     2.00000
   -13.27451     2.00000
   -12.95353     2.00000
   -12.60018     2.00000
   -12.33494     2.00000
   -12.19169     2.00000
   -12.09843     2.00000
   -11.52305     2.00000
   -11.37053     2.00000
   -10.72095     2.00000
   -10.69688     2.00000
   -10.48105     2.00000
   -10.34709     2.00000
   -10.23929     2.00000
   -10.08745     2.00000
   -10.07948     2.00000
    -9.82029     2.00000
    -9.73738     2.00000
    -9.62904     2.00000
    -9.44847     2.00000
    -9.30087     2.00000
    -8.97769     2.00000
    -8.81527     2.00000
    -8.46170     2.00000
    -8.40297     2.00000
    -8.37322     2.00000
    -8.20589     2.00000
    -8.06200     2.00000
    -8.00540     2.00000
    -7.89282     2.00000
    -7.40721     2.00000
    -7.36403     2.00000
    -7.31375     2.00000
    -7.23740     2.00000
    -6.93227     2.00000
    -6.86393     2.00000
    -6.42176     2.00000
    -5.96043     2.00000
    -3.56701     0.00000
    -3.06301     0.00000
    -2.52986     0.00000
    -2.38111     0.00000
    -1.91650     0.00000
    -1.83455     0.00000
    -1.02400     0.00000
    -0.97940     0.00000
    -0.61896     0.00000
    -0.50876     0.00000
    -0.48165     0.00000
     1.14558     0.00000
     2.57811     0.00000
     3.38603     0.00000
     6.30755     0.00000
     6.92885     0.00000
     6.96504     0.00000
     7.54289     0.00000
     8.15668     0.00000
     8.19171     0.00000
     8.23713     0.00000
     8.93542     0.00000
     9.00774     0.00000
     9.50678     0.00000
     9.77876     0.00000
    10.10782     0.00000
    10.46816     0.00000
    10.50161     0.00000
    10.67816     0.00000
    10.77404     0.00000
    10.78780     0.00000
    11.27886     0.00000
    12.41855     0.00000
    12.46261     0.00000
    12.98132     0.00000
    13.21541     0.00000
    13.21942     0.00000
    13.39200     0.00000
    14.00530     0.00000
    14.89695     0.00000
    15.01209     0.00000
    15.38746     0.00000
    15.50495     0.00000
    15.50889     0.00000
    15.76312     0.00000
    16.27207     0.00000
    16.81907     0.00000
    17.21194     0.00000
    17.57174     0.00000
    18.49372     0.00000
    18.74767     0.00000
    19.31686     0.00000
    19.49865     0.00000
    20.75530     0.00000
    20.95820     0.00000
    21.58090     0.00000
 
 KPT            4  SPIN            1
   -20.85135     2.00000
   -20.66659     2.00000
   -19.58125     2.00000
   -19.05391     2.00000
   -18.86815     2.00000
   -18.85801     2.00000
   -18.69881     2.00000
   -18.68412     2.00000
   -17.71393     2.00000
   -17.69578     2.00000
   -17.30373     2.00000
   -17.21604     2.00000
   -17.09353     2.00000
   -16.45255     2.00000
   -14.83178     2.00000
   -14.61521     2.00000
   -14.20021     2.00000
   -13.96019     2.00000
   -13.79393     2.00000
   -13.39994     2.00000
   -12.87576     2.00000
   -12.69932     2.00000
   -12.17377     2.00000
   -12.12610     2.00000
   -11.64016     2.00000
   -11.42023     2.00000
   -11.24093     2.00000
   -10.99568     2.00000
   -10.91297     2.00000
   -10.70756     2.00000
   -10.41781     2.00000
   -10.26678     2.00000
   -10.21665     2.00000
    -9.98092     2.00000
    -9.87609     2.00000
    -9.80004     2.00000
    -9.57273     2.00000
    -9.22384     2.00000
    -9.06737     2.00000
    -9.05329     2.00000
    -8.98175     2.00000
    -8.50388     2.00000
    -8.35275     2.00000
    -8.31049     2.00000
    -8.18209     2.00000
    -8.12507     2.00000
    -8.07716     2.00000
    -7.70459     2.00000
    -7.45299     2.00000
    -7.41026     2.00000
    -7.24885     2.00000
    -7.14201     2.00000
    -6.96801     2.00000
    -6.66319     2.00000
    -6.62261     2.00000
    -6.10726     2.00000
    -3.39310     0.00000
    -2.78091     0.00000
    -2.77107     0.00000
    -2.39973     0.00000
    -2.19793     0.00000
    -2.04133     0.00000
    -0.85689     0.00000
    -0.80855     0.00000
    -0.59635     0.00000
    -0.55832     0.00000
    -0.16433     0.00000
     0.72305     0.00000
     2.84841     0.00000
     3.25538     0.00000
     6.44818     0.00000
     6.76961     0.00000
     7.15796     0.00000
     7.69837     0.00000
     7.80134     0.00000
     8.02185     0.00000
     8.29518     0.00000
     8.72427     0.00000
     9.13764     0.00000
     9.48222     0.00000
     9.55986     0.00000
     9.79833     0.00000
    10.89328     0.00000
    10.93880     0.00000
    11.05170     0.00000
    11.09675     0.00000
    11.23359     0.00000
    11.28452     0.00000
    11.89483     0.00000
    11.96380     0.00000
    12.36538     0.00000
    12.58677     0.00000
    13.58121     0.00000
    13.62047     0.00000
    14.00268     0.00000
    14.47968     0.00000
    15.34554     0.00000
    15.72732     0.00000
    15.75472     0.00000
    15.95051     0.00000
    16.19209     0.00000
    16.59252     0.00000
    16.61003     0.00000
    16.68099     0.00000
    17.24768     0.00000
    17.76177     0.00000
    18.98915     0.00000
    19.37070     0.00000
    19.79198     0.00000
    20.62157     0.00000
    21.10678     0.00000
    21.51952     0.00000
 
 KPT            5  SPIN            1
   -20.77043     2.00000
   -20.77032     2.00000
   -19.32734     2.00000
   -19.32711     2.00000
   -18.79422     2.00000
   -18.79417     2.00000
   -18.78151     2.00000
   -18.78133     2.00000
   -17.50766     2.00000
   -17.50749     2.00000
   -17.46324     2.00000
   -17.46321     2.00000
   -16.75305     2.00000
   -16.75288     2.00000
   -14.54794     2.00000
   -14.54782     2.00000
   -14.30218     2.00000
   -14.30208     2.00000
   -13.57000     2.00000
   -13.56999     2.00000
   -12.79135     2.00000
   -12.79124     2.00000
   -12.11057     2.00000
   -12.11038     2.00000
   -11.24270     2.00000
   -11.24269     2.00000
   -11.17571     2.00000
   -11.17551     2.00000
   -11.08728     2.00000
   -11.08718     2.00000
   -10.32963     2.00000
   -10.32951     2.00000
   -10.10124     2.00000
   -10.10111     2.00000
    -9.88291     2.00000
    -9.88285     2.00000
    -9.32095     2.00000
    -9.32076     2.00000
    -9.06521     2.00000
    -9.06513     2.00000
    -8.78720     2.00000
    -8.78689     2.00000
    -8.27912     2.00000
    -8.27906     2.00000
    -8.22746     2.00000
    -8.22720     2.00000
    -7.73673     2.00000
    -7.73657     2.00000
    -7.54246     2.00000
    -7.54226     2.00000
    -7.09968     2.00000
    -7.09940     2.00000
    -6.90651     2.00000
    -6.90646     2.00000
    -6.33967     2.00000
    -6.33942     2.00000
    -3.11655     0.00000
    -3.11626     0.00000
    -2.48870     0.00000
    -2.48864     0.00000
    -2.23340     0.00000
    -2.23299     0.00000
    -0.71347     0.00000
    -0.71303     0.00000
    -0.66772     0.00000
    -0.66761     0.00000
     0.28443     0.00000
     0.28500     0.00000
     3.07516     0.00000
     3.07538     0.00000
     6.60684     0.00000
     6.60805     0.00000
     7.43750     0.00000
     7.43833     0.00000
     7.85668     0.00000
     7.85865     0.00000
     8.48494     0.00000
     8.48601     0.00000
     9.34509     0.00000
     9.34677     0.00000
     9.58255     0.00000
     9.58332     0.00000
    11.08692     0.00000
    11.08746     0.00000
    11.36403     0.00000
    11.36504     0.00000
    11.42138     0.00000
    11.42234     0.00000
    11.73287     0.00000
    11.73318     0.00000
    11.99897     0.00000
    12.00037     0.00000
    13.84062     0.00000
    13.84104     0.00000
    14.02596     0.00000
    14.02630     0.00000
    15.58598     0.00000
    15.58712     0.00000
    16.17921     0.00000
    16.18037     0.00000
    16.31886     0.00000
    16.32000     0.00000
    16.91894     0.00000
    16.92055     0.00000
    16.98818     0.00000
    16.99032     0.00000
    19.19824     0.00000
    19.19952     0.00000
    20.22972     0.00000
    20.22992     0.00000
    21.36146     0.00000
    21.36233     0.00000
 
 KPT            6  SPIN            1
   -20.92332     2.00000
   -20.18929     2.00000
   -20.18919     2.00000
   -19.41164     2.00000
   -18.71922     2.00000
   -18.71494     2.00000
   -18.46557     2.00000
   -18.10361     2.00000
   -18.09804     2.00000
   -17.82399     2.00000
   -17.78856     2.00000
   -17.01865     2.00000
   -16.82492     2.00000
   -16.05852     2.00000
   -14.99971     2.00000
   -14.89223     2.00000
   -14.51253     2.00000
   -13.83307     2.00000
   -13.38630     2.00000
   -13.21920     2.00000
   -13.18321     2.00000
   -12.86121     2.00000
   -12.38373     2.00000
   -12.35223     2.00000
   -11.94786     2.00000
   -11.56065     2.00000
   -11.03124     2.00000
   -10.79833     2.00000
   -10.58138     2.00000
   -10.49650     2.00000
   -10.12116     2.00000
    -9.97087     2.00000
    -9.89331     2.00000
    -9.78381     2.00000
    -9.73798     2.00000
    -9.70086     2.00000
    -9.70070     2.00000
    -9.46767     2.00000
    -9.43831     2.00000
    -9.41086     2.00000
    -8.88968     2.00000
    -8.88558     2.00000
    -8.37020     2.00000
    -8.32344     2.00000
    -8.17147     2.00000
    -8.16736     2.00000
    -7.95535     2.00000
    -7.57215     2.00000
    -7.53296     2.00000
    -7.37391     2.00000
    -7.34236     2.00000
    -7.24072     2.00000
    -7.11749     2.00000
    -6.80734     2.00000
    -6.40696     2.00000
    -5.58788     2.00000
    -4.00568     0.00000
    -3.05201     0.00000
    -2.59745     0.00000
    -2.07065     0.00000
    -1.98452     0.00000
    -1.59012     0.00000
    -1.52669     0.00000
    -1.15458     0.00000
    -0.78031     0.00000
    -0.76394     0.00000
     0.31388     0.00000
     1.85637     0.00000
     1.85825     0.00000
     3.41357     0.00000
     6.34966     0.00000
     6.97367     0.00000
     6.97991     0.00000
     7.63512     0.00000
     7.87420     0.00000
     8.13731     0.00000
     9.00812     0.00000
     9.01472     0.00000
     9.25065     0.00000
     9.30735     0.00000
     9.68969     0.00000
     9.84087     0.00000
    10.12020     0.00000
    10.41457     0.00000
    10.61106     0.00000
    10.68019     0.00000
    10.84566     0.00000
    11.11383     0.00000
    12.15647     0.00000
    12.37935     0.00000
    13.53983     0.00000
    13.78818     0.00000
    13.96611     0.00000
    13.97077     0.00000
    14.13537     0.00000
    14.22904     0.00000
    14.41013     0.00000
    14.57994     0.00000
    14.81553     0.00000
    15.09045     0.00000
    15.90706     0.00000
    16.75903     0.00000
    16.89614     0.00000
    17.09225     0.00000
    17.50976     0.00000
    18.89495     0.00000
    19.24439     0.00000
    19.61371     0.00000
    19.69051     0.00000
    19.94095     0.00000
    21.02022     0.00000
    21.70941     0.00000
 
 KPT            7  SPIN            1
   -20.91171     2.00000
   -20.35971     2.00000
   -19.99724     2.00000
   -19.40150     2.00000
   -18.87467     2.00000
   -18.53731     2.00000
   -18.45124     2.00000
   -18.42579     2.00000
   -17.97633     2.00000
   -17.75896     2.00000
   -17.62432     2.00000
   -17.20899     2.00000
   -16.59997     2.00000
   -16.28468     2.00000
   -14.82052     2.00000
   -14.79404     2.00000
   -14.65253     2.00000
   -13.78313     2.00000
   -13.70162     2.00000
   -13.26441     2.00000
   -13.06906     2.00000
   -12.76952     2.00000
   -12.47842     2.00000
   -12.04065     2.00000
   -11.93435     2.00000
   -11.66006     2.00000
   -10.96473     2.00000
   -10.83570     2.00000
   -10.68986     2.00000
   -10.48380     2.00000
   -10.20465     2.00000
    -9.88438     2.00000
    -9.84154     2.00000
    -9.82769     2.00000
    -9.81454     2.00000
    -9.77907     2.00000
    -9.69420     2.00000
    -9.66463     2.00000
    -9.49485     2.00000
    -8.98929     2.00000
    -8.88175     2.00000
    -8.77196     2.00000
    -8.62928     2.00000
    -8.32448     2.00000
    -8.12440     2.00000
    -7.98189     2.00000
    -7.92906     2.00000
    -7.88085     2.00000
    -7.49998     2.00000
    -7.39094     2.00000
    -7.20045     2.00000
    -7.16444     2.00000
    -7.10335     2.00000
    -6.92840     2.00000
    -6.27633     2.00000
    -5.76489     2.00000
    -3.82079     0.00000
    -3.20007     0.00000
    -2.44485     0.00000
    -2.24315     0.00000
    -2.03846     0.00000
    -1.78193     0.00000
    -1.18563     0.00000
    -1.09263     0.00000
    -1.04859     0.00000
    -0.53402     0.00000
     0.29801     0.00000
     1.48285     0.00000
     2.20023     0.00000
     3.38731     0.00000
     6.37774     0.00000
     6.88983     0.00000
     7.01747     0.00000
     7.73267     0.00000
     7.83531     0.00000
     8.05543     0.00000
     9.10210     0.00000
     9.23298     0.00000
     9.34656     0.00000
     9.45631     0.00000
     9.46943     0.00000
     9.51734     0.00000
    10.01126     0.00000
    10.43465     0.00000
    10.51893     0.00000
    10.66700     0.00000
    10.69494     0.00000
    11.34670     0.00000
    12.49224     0.00000
    12.72466     0.00000
    13.09237     0.00000
    13.52127     0.00000
    13.76419     0.00000
    14.02451     0.00000
    14.20440     0.00000
    14.28839     0.00000
    14.29034     0.00000
    14.74710     0.00000
    14.86632     0.00000
    15.09002     0.00000
    16.13149     0.00000
    16.69296     0.00000
    16.71308     0.00000
    17.18445     0.00000
    18.07507     0.00000
    18.40197     0.00000
    19.01929     0.00000
    19.46249     0.00000
    19.49381     0.00000
    20.47272     0.00000
    21.18315     0.00000
    21.54406     0.00000
 
 KPT            8  SPIN            1
   -20.87690     2.00000
   -20.50824     2.00000
   -19.78411     2.00000
   -19.36930     2.00000
   -19.01465     2.00000
   -18.73327     2.00000
   -18.41596     2.00000
   -18.33572     2.00000
   -18.10862     2.00000
   -17.44966     2.00000
   -17.43343     2.00000
   -17.40845     2.00000
   -16.53642     2.00000
   -16.48200     2.00000
   -15.00299     2.00000
   -14.52185     2.00000
   -14.42082     2.00000
   -14.03446     2.00000
   -13.72675     2.00000
   -13.65489     2.00000
   -12.96030     2.00000
   -12.63875     2.00000
   -12.30643     2.00000
   -11.84621     2.00000
   -11.76193     2.00000
   -11.74468     2.00000
   -11.07431     2.00000
   -10.87346     2.00000
   -10.55089     2.00000
   -10.49246     2.00000
   -10.44581     2.00000
   -10.27913     2.00000
   -10.04498     2.00000
    -9.95710     2.00000
    -9.83781     2.00000
    -9.61738     2.00000
    -9.57963     2.00000
    -9.55268     2.00000
    -9.26765     2.00000
    -8.90158     2.00000
    -8.85020     2.00000
    -8.72881     2.00000
    -8.56877     2.00000
    -8.46554     2.00000
    -8.18426     2.00000
    -7.93467     2.00000
    -7.88149     2.00000
    -7.77375     2.00000
    -7.63480     2.00000
    -7.47225     2.00000
    -7.27154     2.00000
    -7.08028     2.00000
    -6.97172     2.00000
    -6.86374     2.00000
    -6.23666     2.00000
    -6.00113     2.00000
    -3.56586     0.00000
    -3.24078     0.00000
    -2.47490     0.00000
    -2.40636     0.00000
    -2.25088     0.00000
    -1.60502     0.00000
    -1.33572     0.00000
    -1.24569     0.00000
    -0.64932     0.00000
    -0.32449     0.00000
     0.24527     0.00000
     1.08341     0.00000
     2.50736     0.00000
     3.30878     0.00000
     6.46960     0.00000
     6.80805     0.00000
     7.12082     0.00000
     7.60009     0.00000
     8.02898     0.00000
     8.03234     0.00000
     8.66647     0.00000
     8.90337     0.00000
     9.34999     0.00000
     9.63269     0.00000
     9.69343     0.00000
     9.71605     0.00000
    10.06591     0.00000
    10.07409     0.00000
    10.56698     0.00000
    10.83185     0.00000
    10.99225     0.00000
    11.56405     0.00000
    12.46126     0.00000
    12.86042     0.00000
    12.88234     0.00000
    12.99753     0.00000
    13.29030     0.00000
    13.71133     0.00000
    14.40363     0.00000
    14.44502     0.00000
    14.46073     0.00000
    14.57312     0.00000
    15.54443     0.00000
    15.54913     0.00000
    16.25007     0.00000
    16.34037     0.00000
    16.55074     0.00000
    17.49416     0.00000
    17.90717     0.00000
    18.35580     0.00000
    18.62232     0.00000
    19.24180     0.00000
    19.64479     0.00000
    20.92069     0.00000
    21.25527     0.00000
    21.30916     0.00000
 
 KPT            9  SPIN            1
   -20.81899     2.00000
   -20.63448     2.00000
   -19.55036     2.00000
   -19.31507     2.00000
   -19.13421     2.00000
   -19.02406     2.00000
   -18.35995     2.00000
   -18.22046     2.00000
   -18.11538     2.00000
   -17.66907     2.00000
   -17.27104     2.00000
   -17.05072     2.00000
   -16.78694     2.00000
   -16.55155     2.00000
   -14.97512     2.00000
   -14.36284     2.00000
   -14.23282     2.00000
   -14.20677     2.00000
   -14.02972     2.00000
   -13.66129     2.00000
   -12.86884     2.00000
   -12.84783     2.00000
   -11.86262     2.00000
   -11.83313     2.00000
   -11.67742     2.00000
   -11.52446     2.00000
   -11.29406     2.00000
   -10.76131     2.00000
   -10.73245     2.00000
   -10.71923     2.00000
   -10.39786     2.00000
   -10.38266     2.00000
   -10.23347     2.00000
   -10.18193     2.00000
    -9.78884     2.00000
    -9.59647     2.00000
    -9.37419     2.00000
    -9.35008     2.00000
    -9.18265     2.00000
    -9.02023     2.00000
    -8.79495     2.00000
    -8.76287     2.00000
    -8.58859     2.00000
    -8.47779     2.00000
    -8.18981     2.00000
    -7.81371     2.00000
    -7.75530     2.00000
    -7.74643     2.00000
    -7.64351     2.00000
    -7.54953     2.00000
    -7.40364     2.00000
    -7.25319     2.00000
    -6.85465     2.00000
    -6.52837     2.00000
    -6.30238     2.00000
    -6.25388     2.00000
    -3.28534     0.00000
    -3.15850     0.00000
    -2.89327     0.00000
    -2.54964     0.00000
    -2.02621     0.00000
    -1.63685     0.00000
    -1.45549     0.00000
    -1.33307     0.00000
    -0.20362     0.00000
    -0.13951     0.00000
     0.15622     0.00000
     0.66286     0.00000
     2.77533     0.00000
     3.17919     0.00000
     6.61539     0.00000
     6.72620     0.00000
     7.28605     0.00000
     7.47633     0.00000
     8.05922     0.00000
     8.15619     0.00000
     8.22821     0.00000
     8.71175     0.00000
     9.28363     0.00000
     9.37435     0.00000
     9.79486     0.00000
     9.92245     0.00000
    10.11851     0.00000
    10.37934     0.00000
    10.64383     0.00000
    11.10723     0.00000
    11.50306     0.00000
    11.74755     0.00000
    11.90889     0.00000
    12.23846     0.00000
    12.77834     0.00000
    12.83752     0.00000
    13.09456     0.00000
    13.56660     0.00000
    14.24181     0.00000
    14.71392     0.00000
    14.76051     0.00000
    14.78892     0.00000
    15.93399     0.00000
    15.97540     0.00000
    16.26011     0.00000
    16.33234     0.00000
    16.35810     0.00000
    17.42585     0.00000
    17.63688     0.00000
    17.81061     0.00000
    18.94186     0.00000
    19.14301     0.00000
    19.78549     0.00000
    21.01262     0.00000
    21.23069     0.00000
    21.27960     0.00000
 
 KPT           10  SPIN            1
   -20.73820     2.00000
   -20.73807     2.00000
   -19.29683     2.00000
   -19.29654     2.00000
   -19.23891     2.00000
   -19.23284     2.00000
   -18.31158     2.00000
   -18.28359     2.00000
   -17.90307     2.00000
   -17.87760     2.00000
   -17.10011     2.00000
   -17.02697     2.00000
   -16.78401     2.00000
   -16.69309     2.00000
   -14.75862     2.00000
   -14.66541     2.00000
   -14.38370     2.00000
   -14.09557     2.00000
   -13.86309     2.00000
   -13.58539     2.00000
   -13.11352     2.00000
   -12.81379     2.00000
   -11.96047     2.00000
   -11.49139     2.00000
   -11.43413     2.00000
   -11.40065     2.00000
   -11.35275     2.00000
   -11.15848     2.00000
   -10.90825     2.00000
   -10.63116     2.00000
   -10.49405     2.00000
   -10.29469     2.00000
   -10.29454     2.00000
   -10.24229     2.00000
    -9.66496     2.00000
    -9.60069     2.00000
    -9.46829     2.00000
    -9.21828     2.00000
    -9.16446     2.00000
    -8.87417     2.00000
    -8.75803     2.00000
    -8.75385     2.00000
    -8.71607     2.00000
    -8.69208     2.00000
    -7.90386     2.00000
    -7.87111     2.00000
    -7.83470     2.00000
    -7.72715     2.00000
    -7.58350     2.00000
    -7.54816     2.00000
    -7.43818     2.00000
    -7.31290     2.00000
    -6.76234     2.00000
    -6.50357     2.00000
    -6.46323     2.00000
    -6.20315     2.00000
    -3.28460     0.00000
    -3.00058     0.00000
    -2.96267     0.00000
    -2.66111     0.00000
    -1.94595     0.00000
    -1.78107     0.00000
    -1.44546     0.00000
    -1.33473     0.00000
     0.01737     0.00000
     0.03190     0.00000
     0.22603     0.00000
     0.23836     0.00000
     3.00025     0.00000
     3.00053     0.00000
     6.64164     0.00000
     6.79963     0.00000
     7.36115     0.00000
     7.51130     0.00000
     7.71989     0.00000
     8.14561     0.00000
     8.42531     0.00000
     8.52770     0.00000
     8.96866     0.00000
     9.52394     0.00000
     9.61954     0.00000
    10.15598     0.00000
    10.16931     0.00000
    10.54883     0.00000
    11.23941     0.00000
    11.44641     0.00000
    11.49275     0.00000
    11.61091     0.00000
    11.85902     0.00000
    11.89130     0.00000
    12.45131     0.00000
    12.55211     0.00000
    12.59213     0.00000
    13.92648     0.00000
    14.14028     0.00000
    14.93246     0.00000
    15.04545     0.00000
    15.24748     0.00000
    15.61980     0.00000
    16.03736     0.00000
    16.16243     0.00000
    16.25218     0.00000
    16.87789     0.00000
    16.98775     0.00000
    17.15657     0.00000
    18.12510     0.00000
    18.60399     0.00000
    19.62815     0.00000
    19.87891     0.00000
    20.66273     0.00000
    21.10565     0.00000
    21.54647     0.00000
 
 KPT           11  SPIN            1
   -20.81904     2.00000
   -20.63443     2.00000
   -19.55037     2.00000
   -19.31016     2.00000
   -19.14098     2.00000
   -19.02351     2.00000
   -18.38176     2.00000
   -18.18737     2.00000
   -18.12821     2.00000
   -17.62441     2.00000
   -17.25247     2.00000
   -17.09380     2.00000
   -16.95797     2.00000
   -16.35092     2.00000
   -14.91497     2.00000
   -14.70477     2.00000
   -14.43726     2.00000
   -14.00052     2.00000
   -13.50046     2.00000
   -13.49864     2.00000
   -13.43108     2.00000
   -12.82227     2.00000
   -12.05549     2.00000
   -11.66202     2.00000
   -11.59425     2.00000
   -11.36782     2.00000
   -11.13413     2.00000
   -11.01689     2.00000
   -10.86866     2.00000
   -10.70300     2.00000
   -10.48526     2.00000
   -10.38276     2.00000
   -10.18185     2.00000
   -10.09262     2.00000
    -9.75452     2.00000
    -9.62723     2.00000
    -9.47826     2.00000
    -9.16472     2.00000
    -9.05648     2.00000
    -9.02231     2.00000
    -8.95235     2.00000
    -8.77478     2.00000
    -8.61378     2.00000
    -8.47002     2.00000
    -8.22767     2.00000
    -7.89955     2.00000
    -7.71536     2.00000
    -7.63694     2.00000
    -7.62765     2.00000
    -7.62369     2.00000
    -7.41195     2.00000
    -7.06933     2.00000
    -6.74106     2.00000
    -6.70520     2.00000
    -6.69348     2.00000
    -5.90410     2.00000
    -3.63311     0.00000
    -2.72887     0.00000
    -2.72254     0.00000
    -2.67855     0.00000
    -2.25521     0.00000
    -1.57982     0.00000
    -1.52467     0.00000
    -1.24378     0.00000
    -0.22230     0.00000
    -0.12614     0.00000
     0.14320     0.00000
     0.67091     0.00000
     2.77532     0.00000
     3.17893     0.00000
     6.55198     0.00000
     7.00555     0.00000
     7.25409     0.00000
     7.37719     0.00000
     7.79641     0.00000
     8.28698     0.00000
     8.35161     0.00000
     8.62513     0.00000
     8.69232     0.00000
     9.56228     0.00000
     9.78208     0.00000
     9.95189     0.00000
    10.39333     0.00000
    10.98229     0.00000
    11.04025     0.00000
    11.08172     0.00000
    11.68900     0.00000
    11.79339     0.00000
    11.83286     0.00000
    11.84040     0.00000
    11.98383     0.00000
    12.38049     0.00000
    12.88619     0.00000
    13.71146     0.00000
    14.68321     0.00000
    15.04899     0.00000
    15.20658     0.00000
    15.27632     0.00000
    15.66597     0.00000
    15.79055     0.00000
    15.96109     0.00000
    16.09561     0.00000
    16.49504     0.00000
    16.65983     0.00000
    17.92821     0.00000
    18.23976     0.00000
    18.43119     0.00000
    19.91977     0.00000
    20.06828     0.00000
    20.26784     0.00000
    20.87879     0.00000
    21.72057     0.00000
 
 KPT           12  SPIN            1
   -20.87694     2.00000
   -20.50820     2.00000
   -19.78406     2.00000
   -19.36586     2.00000
   -19.02151     2.00000
   -18.73196     2.00000
   -18.43086     2.00000
   -18.34020     2.00000
   -18.07202     2.00000
   -17.46128     2.00000
   -17.42984     2.00000
   -17.35920     2.00000
   -16.87874     2.00000
   -16.06501     2.00000
   -15.07358     2.00000
   -14.95713     2.00000
   -14.06100     2.00000
   -13.93339     2.00000
   -13.78489     2.00000
   -13.40153     2.00000
   -13.12694     2.00000
   -12.92079     2.00000
   -12.14940     2.00000
   -12.02446     2.00000
   -11.80041     2.00000
   -11.39984     2.00000
   -11.06620     2.00000
   -10.82664     2.00000
   -10.80047     2.00000
   -10.44589     2.00000
   -10.38481     2.00000
   -10.32550     2.00000
   -10.04494     2.00000
   -10.03768     2.00000
    -9.95541     2.00000
    -9.67156     2.00000
    -9.29824     2.00000
    -9.26859     2.00000
    -9.26325     2.00000
    -9.19163     2.00000
    -8.83574     2.00000
    -8.73992     2.00000
    -8.59516     2.00000
    -8.48847     2.00000
    -8.17049     2.00000
    -7.94108     2.00000
    -7.90937     2.00000
    -7.81545     2.00000
    -7.50580     2.00000
    -7.49063     2.00000
    -7.25383     2.00000
    -6.96714     2.00000
    -6.96161     2.00000
    -6.82725     2.00000
    -6.69179     2.00000
    -5.66380     2.00000
    -3.90686     0.00000
    -2.74320     0.00000
    -2.55394     0.00000
    -2.45777     0.00000
    -2.33208     0.00000
    -1.73225     0.00000
    -1.26511     0.00000
    -1.18330     0.00000
    -0.67747     0.00000
    -0.31590     0.00000
     0.23562     0.00000
     1.08857     0.00000
     2.50698     0.00000
     3.30856     0.00000
     6.46006     0.00000
     7.14316     0.00000
     7.15451     0.00000
     7.21866     0.00000
     8.14204     0.00000
     8.18385     0.00000
     8.45898     0.00000
     8.48110     0.00000
     8.82884     0.00000
     9.62922     0.00000
     9.73376     0.00000
    10.11530     0.00000
    10.48873     0.00000
    10.63338     0.00000
    10.81958     0.00000
    11.13192     0.00000
    11.27058     0.00000
    11.47052     0.00000
    11.62037     0.00000
    12.18986     0.00000
    12.43345     0.00000
    12.57069     0.00000
    13.44967     0.00000
    13.66637     0.00000
    14.95025     0.00000
    14.95825     0.00000
    15.17051     0.00000
    15.22043     0.00000
    15.26752     0.00000
    15.30774     0.00000
    15.66303     0.00000
    16.35812     0.00000
    16.54747     0.00000
    16.66064     0.00000
    17.86062     0.00000
    18.65809     0.00000
    18.72331     0.00000
    19.83618     0.00000
    19.90368     0.00000
    20.45355     0.00000
    20.55142     0.00000
    21.80329     0.00000
 
 KPT           13  SPIN            1
   -20.91173     2.00000
   -20.35970     2.00000
   -19.99719     2.00000
   -19.39974     2.00000
   -18.88079     2.00000
   -18.53637     2.00000
   -18.45880     2.00000
   -18.42300     2.00000
   -17.93858     2.00000
   -17.76985     2.00000
   -17.65209     2.00000
   -17.08829     2.00000
   -16.89780     2.00000
   -15.94408     2.00000
   -15.10346     2.00000
   -15.03955     2.00000
   -14.15396     2.00000
   -13.88090     2.00000
   -13.65159     2.00000
   -13.29551     2.00000
   -13.11568     2.00000
   -12.75106     2.00000
   -12.44733     2.00000
   -12.24606     2.00000
   -11.89904     2.00000
   -11.47021     2.00000
   -11.06760     2.00000
   -10.85302     2.00000
   -10.48385     2.00000
   -10.45596     2.00000
   -10.31436     2.00000
   -10.15352     2.00000
    -9.90602     2.00000
    -9.88435     2.00000
    -9.83586     2.00000
    -9.72699     2.00000
    -9.58363     2.00000
    -9.49521     2.00000
    -9.29558     2.00000
    -9.05619     2.00000
    -8.99287     2.00000
    -8.87422     2.00000
    -8.52946     2.00000
    -8.34074     2.00000
    -8.12880     2.00000
    -7.99665     2.00000
    -7.95955     2.00000
    -7.85732     2.00000
    -7.40744     2.00000
    -7.37672     2.00000
    -7.26453     2.00000
    -7.16257     2.00000
    -7.14804     2.00000
    -6.72633     2.00000
    -6.59979     2.00000
    -5.54185     2.00000
    -4.04719     0.00000
    -2.82687     0.00000
    -2.69905     0.00000
    -2.21067     0.00000
    -1.94334     0.00000
    -1.89787     0.00000
    -1.15360     0.00000
    -1.13492     0.00000
    -1.00946     0.00000
    -0.53494     0.00000
     0.29290     0.00000
     1.48605     0.00000
     2.19926     0.00000
     3.38718     0.00000
     6.38334     0.00000
     7.01644     0.00000
     7.06142     0.00000
     7.42969     0.00000
     8.02462     0.00000
     8.27279     0.00000
     8.54735     0.00000
     8.72488     0.00000
     9.03720     0.00000
     9.51828     0.00000
     9.81834     0.00000
    10.03926     0.00000
    10.45635     0.00000
    10.47757     0.00000
    10.66231     0.00000
    10.83715     0.00000
    10.87448     0.00000
    11.26289     0.00000
    11.93843     0.00000
    12.07923     0.00000
    13.00471     0.00000
    13.23883     0.00000
    13.77213     0.00000
    14.02699     0.00000
    14.53250     0.00000
    14.65088     0.00000
    14.65273     0.00000
    14.70669     0.00000
    15.22748     0.00000
    15.27751     0.00000
    15.58329     0.00000
    16.66018     0.00000
    16.74850     0.00000
    16.93460     0.00000
    17.47598     0.00000
    18.99616     0.00000
    19.33286     0.00000
    19.37586     0.00000
    19.82761     0.00000
    20.12750     0.00000
    20.77407     0.00000
    21.79792     0.00000
 
 KPT           14  SPIN            1
   -20.82622     2.00000
   -20.09458     2.00000
   -20.09446     2.00000
   -19.81177     2.00000
   -19.10645     2.00000
   -19.10523     2.00000
   -18.02203     2.00000
   -18.01221     2.00000
   -17.94346     2.00000
   -17.36888     2.00000
   -17.26730     2.00000
   -17.22669     2.00000
   -17.15924     2.00000
   -15.66582     2.00000
   -15.18214     2.00000
   -14.65890     2.00000
   -14.49445     2.00000
   -14.35470     2.00000
   -13.92262     2.00000
   -13.85137     2.00000
   -13.48362     2.00000
   -12.94983     2.00000
   -12.18318     2.00000
   -11.84477     2.00000
   -11.63486     2.00000
   -11.28648     2.00000
   -10.71889     2.00000
   -10.69582     2.00000
   -10.51908     2.00000
   -10.39104     2.00000
   -10.14391     2.00000
    -9.88818     2.00000
    -9.73454     2.00000
    -9.72911     2.00000
    -9.69985     2.00000
    -9.68844     2.00000
    -9.67670     2.00000
    -9.59984     2.00000
    -9.59961     2.00000
    -9.32704     2.00000
    -9.30551     2.00000
    -8.56585     2.00000
    -8.56183     2.00000
    -8.55089     2.00000
    -8.43968     2.00000
    -8.40648     2.00000
    -7.76981     2.00000
    -7.51549     2.00000
    -7.48600     2.00000
    -7.44645     2.00000
    -7.28788     2.00000
    -6.99083     2.00000
    -6.90095     2.00000
    -6.73887     2.00000
    -6.72769     2.00000
    -5.11934     2.00000
    -4.51245     0.00000
    -2.72493     0.00000
    -2.63855     0.00000
    -2.47378     0.00000
    -2.45709     0.00000
    -1.81976     0.00000
    -1.71701     0.00000
    -1.60424     0.00000
    -0.16316     0.00000
    -0.14450     0.00000
     1.03840     0.00000
     1.66185     0.00000
     1.66414     0.00000
     3.18275     0.00000
     6.82740     0.00000
     7.03729     0.00000
     7.38997     0.00000
     7.46411     0.00000
     7.73372     0.00000
     8.40421     0.00000
     8.43462     0.00000
     8.45358     0.00000
     9.35575     0.00000
     9.46364     0.00000
     9.69618     0.00000
    10.04763     0.00000
    10.28275     0.00000
    10.45002     0.00000
    10.72001     0.00000
    10.77464     0.00000
    11.12961     0.00000
    11.34079     0.00000
    11.64879     0.00000
    11.85301     0.00000
    13.14737     0.00000
    13.34575     0.00000
    13.58595     0.00000
    13.90729     0.00000
    14.18404     0.00000
    14.58127     0.00000
    14.67059     0.00000
    14.72321     0.00000
    14.89794     0.00000
    15.50524     0.00000
    16.08868     0.00000
    16.16771     0.00000
    16.21698     0.00000
    16.62678     0.00000
    17.91454     0.00000
    19.27235     0.00000
    19.48937     0.00000
    19.86951     0.00000
    20.06533     0.00000
    20.16301     0.00000
    20.53247     0.00000
    21.81808     0.00000
 
 KPT           15  SPIN            1
   -20.81463     2.00000
   -20.26443     2.00000
   -19.90323     2.00000
   -19.80103     2.00000
   -19.26819     2.00000
   -18.92163     2.00000
   -18.34020     2.00000
   -17.92479     2.00000
   -17.67464     2.00000
   -17.50955     2.00000
   -17.48757     2.00000
   -17.11580     2.00000
   -16.89922     2.00000
   -15.90677     2.00000
   -14.96946     2.00000
   -14.71084     2.00000
   -14.46564     2.00000
   -14.38321     2.00000
   -14.12297     2.00000
   -13.80410     2.00000
   -13.31890     2.00000
   -13.03123     2.00000
   -12.13442     2.00000
   -11.83126     2.00000
   -11.48028     2.00000
   -11.18108     2.00000
   -10.97952     2.00000
   -10.80881     2.00000
   -10.46950     2.00000
   -10.37836     2.00000
   -10.14039     2.00000
    -9.95234     2.00000
    -9.94779     2.00000
    -9.85126     2.00000
    -9.78208     2.00000
    -9.73418     2.00000
    -9.59022     2.00000
    -9.39543     2.00000
    -9.33486     2.00000
    -9.29533     2.00000
    -9.25383     2.00000
    -8.73114     2.00000
    -8.65292     2.00000
    -8.46638     2.00000
    -8.36872     2.00000
    -8.26343     2.00000
    -7.81006     2.00000
    -7.77697     2.00000
    -7.44580     2.00000
    -7.34085     2.00000
    -7.13514     2.00000
    -7.11319     2.00000
    -7.10094     2.00000
    -6.61353     2.00000
    -6.57115     2.00000
    -5.36500     2.00000
    -4.26514     0.00000
    -2.85752     0.00000
    -2.83937     0.00000
    -2.28076     0.00000
    -2.21717     0.00000
    -2.16155     0.00000
    -1.86620     0.00000
    -1.19440     0.00000
    -0.45303     0.00000
     0.11284     0.00000
     1.01875     0.00000
     1.29671     0.00000
     1.99787     0.00000
     3.15720     0.00000
     6.82684     0.00000
     7.03467     0.00000
     7.30679     0.00000
     7.52257     0.00000
     7.95621     0.00000
     8.22137     0.00000
     8.28447     0.00000
     8.67838     0.00000
     9.18018     0.00000
     9.79586     0.00000
     9.85275     0.00000
     9.89014     0.00000
     9.95909     0.00000
    10.36472     0.00000
    10.69943     0.00000
    10.70817     0.00000
    10.77908     0.00000
    11.57669     0.00000
    12.10332     0.00000
    12.26359     0.00000
    13.01439     0.00000
    13.11735     0.00000
    13.23361     0.00000
    13.77640     0.00000
    14.44785     0.00000
    14.45970     0.00000
    14.96236     0.00000
    15.00471     0.00000
    15.02043     0.00000
    15.02205     0.00000
    15.60066     0.00000
    16.05015     0.00000
    16.49383     0.00000
    17.22802     0.00000
    18.22279     0.00000
    18.82558     0.00000
    18.92707     0.00000
    19.53929     0.00000
    20.32565     0.00000
    20.58096     0.00000
    20.75126     0.00000
    21.67349     0.00000
 
 KPT           16  SPIN            1
   -20.77992     2.00000
   -20.41250     2.00000
   -19.76791     2.00000
   -19.69089     2.00000
   -19.41062     2.00000
   -18.71678     2.00000
   -18.64506     2.00000
   -17.88607     2.00000
   -17.75338     2.00000
   -17.63114     2.00000
   -17.32529     2.00000
   -16.96357     2.00000
   -16.70457     2.00000
   -16.15767     2.00000
   -14.97727     2.00000
   -14.79389     2.00000
   -14.42629     2.00000
   -14.41387     2.00000
   -14.07039     2.00000
   -13.68581     2.00000
   -13.67734     2.00000
   -12.56379     2.00000
   -12.08040     2.00000
   -11.99852     2.00000
   -11.24781     2.00000
   -11.15062     2.00000
   -11.02724     2.00000
   -10.90752     2.00000
   -10.55529     2.00000
   -10.40253     2.00000
   -10.34051     2.00000
   -10.23993     2.00000
   -10.17601     2.00000
    -9.94181     2.00000
    -9.60972     2.00000
    -9.60287     2.00000
    -9.43910     2.00000
    -9.33108     2.00000
    -9.26111     2.00000
    -9.16995     2.00000
    -8.91955     2.00000
    -8.87783     2.00000
    -8.85913     2.00000
    -8.45263     2.00000
    -8.15711     2.00000
    -8.10374     2.00000
    -8.08300     2.00000
    -7.85460     2.00000
    -7.43809     2.00000
    -7.38528     2.00000
    -7.31593     2.00000
    -7.25568     2.00000
    -6.77253     2.00000
    -6.52118     2.00000
    -6.47447     2.00000
    -5.64856     2.00000
    -3.97061     0.00000
    -2.96302     0.00000
    -2.95182     0.00000
    -2.59837     0.00000
    -2.13067     0.00000
    -1.93833     0.00000
    -1.93489     0.00000
    -0.77057     0.00000
    -0.76230     0.00000
     0.34534     0.00000
     0.90610     0.00000
     0.95891     0.00000
     2.29767     0.00000
     3.08062     0.00000
     6.86895     0.00000
     7.03535     0.00000
     7.23529     0.00000
     7.64771     0.00000
     8.08798     0.00000
     8.12508     0.00000
     8.18981     0.00000
     8.96682     0.00000
     9.13292     0.00000
     9.18406     0.00000
     9.64092     0.00000
    10.02512     0.00000
    10.22523     0.00000
    10.30079     0.00000
    10.34786     0.00000
    10.95502     0.00000
    11.18213     0.00000
    11.60207     0.00000
    12.31571     0.00000
    12.41263     0.00000
    12.61671     0.00000
    12.92206     0.00000
    13.33757     0.00000
    13.98938     0.00000
    14.15045     0.00000
    14.20672     0.00000
    14.44320     0.00000
    15.14501     0.00000
    15.31385     0.00000
    15.40180     0.00000
    15.76104     0.00000
    15.87111     0.00000
    16.66527     0.00000
    17.81628     0.00000
    18.29441     0.00000
    18.38182     0.00000
    18.54106     0.00000
    19.14614     0.00000
    20.44135     0.00000
    20.87715     0.00000
    21.01535     0.00000
    21.46406     0.00000
 
 KPT           17  SPIN            1
   -20.72218     2.00000
   -20.53835     2.00000
   -19.71248     2.00000
   -19.53199     2.00000
   -19.45805     2.00000
   -18.93400     2.00000
   -18.49274     2.00000
   -18.01426     2.00000
   -17.82760     2.00000
   -17.73326     2.00000
   -16.96741     2.00000
   -16.82547     2.00000
   -16.65501     2.00000
   -16.39869     2.00000
   -15.07164     2.00000
   -14.68979     2.00000
   -14.67391     2.00000
   -14.37449     2.00000
   -14.02452     2.00000
   -13.73073     2.00000
   -13.57734     2.00000
   -12.38710     2.00000
   -12.08551     2.00000
   -11.77991     2.00000
   -11.49581     2.00000
   -11.01088     2.00000
   -10.96960     2.00000
   -10.88090     2.00000
   -10.84498     2.00000
   -10.54190     2.00000
   -10.34737     2.00000
   -10.32040     2.00000
   -10.27764     2.00000
   -10.07807     2.00000
    -9.49664     2.00000
    -9.43254     2.00000
    -9.29407     2.00000
    -9.28211     2.00000
    -9.20284     2.00000
    -9.20210     2.00000
    -9.00452     2.00000
    -8.92447     2.00000
    -8.52044     2.00000
    -8.51494     2.00000
    -8.39052     2.00000
    -8.02072     2.00000
    -7.92942     2.00000
    -7.89601     2.00000
    -7.55295     2.00000
    -7.53785     2.00000
    -7.35245     2.00000
    -7.30590     2.00000
    -6.46902     2.00000
    -6.46329     2.00000
    -6.42724     2.00000
    -5.92357     2.00000
    -3.67694     0.00000
    -3.02714     0.00000
    -3.02421     0.00000
    -2.95455     0.00000
    -2.03399     0.00000
    -2.00783     0.00000
    -1.63611     0.00000
    -1.08586     0.00000
    -0.34110     0.00000
     0.49470     0.00000
     0.54911     0.00000
     0.85966     0.00000
     2.55929     0.00000
     2.95415     0.00000
     6.94448     0.00000
     7.03490     0.00000
     7.17544     0.00000
     7.83803     0.00000
     7.97572     0.00000
     8.00728     0.00000
     8.43085     0.00000
     8.63363     0.00000
     9.21775     0.00000
     9.29343     0.00000
     9.42755     0.00000
     9.77858     0.00000
     9.91217     0.00000
    10.49444     0.00000
    10.83295     0.00000
    11.24700     0.00000
    11.46894     0.00000
    11.70122     0.00000
    11.80426     0.00000
    12.06883     0.00000
    12.43707     0.00000
    13.54024     0.00000
    13.58684     0.00000
    13.75261     0.00000
    13.83233     0.00000
    13.97737     0.00000
    14.45514     0.00000
    14.72109     0.00000
    15.58301     0.00000
    15.63354     0.00000
    15.71311     0.00000
    16.56202     0.00000
    16.72807     0.00000
    17.60583     0.00000
    17.96184     0.00000
    18.38272     0.00000
    18.69746     0.00000
    18.85751     0.00000
    20.50429     0.00000
    20.90347     0.00000
    21.19717     0.00000
    21.36421     0.00000
 
 KPT           18  SPIN            1
   -20.64172     2.00000
   -20.64153     2.00000
   -19.63484     2.00000
   -19.63191     2.00000
   -19.20544     2.00000
   -19.20521     2.00000
   -18.26453     2.00000
   -18.25068     2.00000
   -17.81560     2.00000
   -17.74985     2.00000
   -16.79237     2.00000
   -16.72852     2.00000
   -16.62581     2.00000
   -16.60572     2.00000
   -14.95036     2.00000
   -14.91123     2.00000
   -14.60103     2.00000
   -14.35955     2.00000
   -14.30932     2.00000
   -13.49406     2.00000
   -13.37101     2.00000
   -12.74396     2.00000
   -11.71799     2.00000
   -11.60032     2.00000
   -11.49536     2.00000
   -11.38021     2.00000
   -11.11738     2.00000
   -10.83267     2.00000
   -10.69768     2.00000
   -10.64829     2.00000
   -10.46147     2.00000
   -10.22487     2.00000
   -10.19027     2.00000
   -10.18998     2.00000
    -9.49608     2.00000
    -9.41665     2.00000
    -9.32981     2.00000
    -9.20219     2.00000
    -9.12068     2.00000
    -9.12017     2.00000
    -9.11007     2.00000
    -8.66599     2.00000
    -8.66022     2.00000
    -8.65115     2.00000
    -8.27166     2.00000
    -8.25101     2.00000
    -7.76024     2.00000
    -7.70450     2.00000
    -7.68905     2.00000
    -7.67740     2.00000
    -7.42550     2.00000
    -7.20967     2.00000
    -6.55915     2.00000
    -6.45141     2.00000
    -6.18083     2.00000
    -6.08071     2.00000
    -3.43564     0.00000
    -3.39495     0.00000
    -3.03684     0.00000
    -2.84243     0.00000
    -2.15029     0.00000
    -1.91304     0.00000
    -1.41762     0.00000
    -1.32879     0.00000
     0.06713     0.00000
     0.08690     0.00000
     0.72078     0.00000
     0.72231     0.00000
     2.77894     0.00000
     2.77969     0.00000
     7.02635     0.00000
     7.04876     0.00000
     7.12709     0.00000
     7.83671     0.00000
     7.98153     0.00000
     8.08534     0.00000
     8.16651     0.00000
     8.67698     0.00000
     9.21806     0.00000
     9.42642     0.00000
     9.54658     0.00000
     9.64191     0.00000
     9.64616     0.00000
    10.76630     0.00000
    11.22021     0.00000
    11.27411     0.00000
    11.33857     0.00000
    11.60115     0.00000
    11.65162     0.00000
    12.19054     0.00000
    12.37448     0.00000
    13.15054     0.00000
    13.18383     0.00000
    13.88038     0.00000
    14.23148     0.00000
    14.26674     0.00000
    14.32702     0.00000
    14.67961     0.00000
    15.33910     0.00000
    15.78541     0.00000
    15.95131     0.00000
    16.68214     0.00000
    16.87732     0.00000
    17.34851     0.00000
    17.60935     0.00000
    18.20391     0.00000
    18.91777     0.00000
    19.16403     0.00000
    20.50901     0.00000
    20.82594     0.00000
    20.88053     0.00000
    21.62539     0.00000
 
 KPT           19  SPIN            1
   -20.72232     2.00000
   -20.53821     2.00000
   -19.71006     2.00000
   -19.53515     2.00000
   -19.45786     2.00000
   -18.93339     2.00000
   -18.50069     2.00000
   -17.99230     2.00000
   -17.87791     2.00000
   -17.65354     2.00000
   -17.05357     2.00000
   -16.83731     2.00000
   -16.71226     2.00000
   -16.24747     2.00000
   -15.03082     2.00000
   -14.68066     2.00000
   -14.67544     2.00000
   -14.55969     2.00000
   -14.23061     2.00000
   -13.45904     2.00000
   -13.13574     2.00000
   -12.99667     2.00000
   -11.90764     2.00000
   -11.78491     2.00000
   -11.22785     2.00000
   -11.16769     2.00000
   -11.11244     2.00000
   -11.08028     2.00000
   -10.61047     2.00000
   -10.52658     2.00000
   -10.44724     2.00000
   -10.27792     2.00000
   -10.11736     2.00000
   -10.07789     2.00000
    -9.79693     2.00000
    -9.36265     2.00000
    -9.30729     2.00000
    -9.19357     2.00000
    -9.05255     2.00000
    -9.01492     2.00000
    -8.95419     2.00000
    -8.92686     2.00000
    -8.85238     2.00000
    -8.58575     2.00000
    -8.37862     2.00000
    -8.05113     2.00000
    -7.97794     2.00000
    -7.82005     2.00000
    -7.52428     2.00000
    -7.47503     2.00000
    -7.44086     2.00000
    -7.09932     2.00000
    -6.73091     2.00000
    -6.49242     2.00000
    -6.41729     2.00000
    -5.73785     2.00000
    -3.82813     0.00000
    -3.12934     0.00000
    -2.98396     0.00000
    -2.62902     0.00000
    -2.28339     0.00000
    -1.84680     0.00000
    -1.75011     0.00000
    -1.01996     0.00000
    -0.37205     0.00000
     0.50711     0.00000
     0.54874     0.00000
     0.85751     0.00000
     2.55978     0.00000
     2.95342     0.00000
     6.99901     0.00000
     7.08987     0.00000
     7.18122     0.00000
     7.70836     0.00000
     7.80769     0.00000
     8.01196     0.00000
     8.37810     0.00000
     8.92692     0.00000
     9.01486     0.00000
     9.20842     0.00000
     9.62526     0.00000
     9.73207     0.00000
     9.97911     0.00000
    10.72419     0.00000
    11.04005     0.00000
    11.08022     0.00000
    11.22400     0.00000
    11.85512     0.00000
    12.09534     0.00000
    12.16152     0.00000
    12.32105     0.00000
    12.50937     0.00000
    13.13220     0.00000
    13.96239     0.00000
    13.96695     0.00000
    14.81569     0.00000
    14.82980     0.00000
    14.83407     0.00000
    14.98785     0.00000
    15.83483     0.00000
    16.11460     0.00000
    16.12597     0.00000
    16.53033     0.00000
    17.41142     0.00000
    17.67945     0.00000
    18.10512     0.00000
    19.41114     0.00000
    19.45396     0.00000
    20.45080     0.00000
    20.52192     0.00000
    20.64297     0.00000
    21.79879     0.00000
 
 KPT           20  SPIN            1
   -20.78002     2.00000
   -20.41240     2.00000
   -19.76619     2.00000
   -19.69068     2.00000
   -19.41364     2.00000
   -18.72050     2.00000
   -18.64314     2.00000
   -17.92005     2.00000
   -17.72035     2.00000
   -17.53974     2.00000
   -17.36657     2.00000
   -17.03216     2.00000
   -16.80418     2.00000
   -15.90593     2.00000
   -15.01615     2.00000
   -14.98245     2.00000
   -14.53506     2.00000
   -14.31836     2.00000
   -14.13888     2.00000
   -13.54569     2.00000
   -13.49984     2.00000
   -12.61303     2.00000
   -12.18211     2.00000
   -12.05620     2.00000
   -11.34573     2.00000
   -11.24967     2.00000
   -10.81980     2.00000
   -10.62680     2.00000
   -10.60218     2.00000
   -10.55274     2.00000
   -10.34074     2.00000
   -10.24952     2.00000
   -10.10013     2.00000
    -9.99909     2.00000
    -9.94178     2.00000
    -9.36553     2.00000
    -9.33272     2.00000
    -9.25431     2.00000
    -9.17065     2.00000
    -9.10405     2.00000
    -8.94255     2.00000
    -8.88604     2.00000
    -8.87054     2.00000
    -8.78504     2.00000
    -8.18686     2.00000
    -8.08124     2.00000
    -7.98816     2.00000
    -7.90949     2.00000
    -7.50131     2.00000
    -7.38196     2.00000
    -7.19197     2.00000
    -6.97853     2.00000
    -6.96136     2.00000
    -6.63156     2.00000
    -6.58610     2.00000
    -5.40890     2.00000
    -4.19215     0.00000
    -2.88307     0.00000
    -2.86775     0.00000
    -2.42824     0.00000
    -2.33730     0.00000
    -2.07373     0.00000
    -1.80932     0.00000
    -0.81852     0.00000
    -0.71591     0.00000
     0.34132     0.00000
     0.91368     0.00000
     0.95703     0.00000
     2.29764     0.00000
     3.08004     0.00000
     6.94326     0.00000
     7.06320     0.00000
     7.34148     0.00000
     7.57907     0.00000
     7.59097     0.00000
     8.09858     0.00000
     8.70748     0.00000
     8.81922     0.00000
     8.90223     0.00000
     9.18016     0.00000
     9.73103     0.00000
     9.97644     0.00000
    10.05196     0.00000
    10.64599     0.00000
    10.94664     0.00000
    10.97263     0.00000
    11.31436     0.00000
    11.68436     0.00000
    11.82065     0.00000
    11.98117     0.00000
    12.37085     0.00000
    12.76470     0.00000
    13.58045     0.00000
    13.63125     0.00000
    14.17294     0.00000
    14.57854     0.00000
    14.85872     0.00000
    15.36914     0.00000
    15.37590     0.00000
    15.41884     0.00000
    15.65961     0.00000
    16.20349     0.00000
    16.27813     0.00000
    17.14074     0.00000
    17.44020     0.00000
    18.81798     0.00000
    19.72111     0.00000
    19.85203     0.00000
    20.12911     0.00000
    20.32599     0.00000
    20.35588     0.00000
    21.88616     0.00000
 
 KPT           21  SPIN            1
   -20.81468     2.00000
   -20.26440     2.00000
   -19.90308     2.00000
   -19.80014     2.00000
   -19.27062     2.00000
   -18.92239     2.00000
   -18.33563     2.00000
   -17.94190     2.00000
   -17.69484     2.00000
   -17.43959     2.00000
   -17.41011     2.00000
   -17.20956     2.00000
   -16.98864     2.00000
   -15.62766     2.00000
   -15.22931     2.00000
   -14.87981     2.00000
   -14.51590     2.00000
   -14.03546     2.00000
   -13.95780     2.00000
   -13.91554     2.00000
   -13.63366     2.00000
   -12.57069     2.00000
   -12.22631     2.00000
   -12.15257     2.00000
   -11.47778     2.00000
   -11.31728     2.00000
   -10.64552     2.00000
   -10.54824     2.00000
   -10.47238     2.00000
   -10.40122     2.00000
   -10.37849     2.00000
   -10.14952     2.00000
   -10.06142     2.00000
    -9.87115     2.00000
    -9.78220     2.00000
    -9.49965     2.00000
    -9.39541     2.00000
    -9.38670     2.00000
    -9.32722     2.00000
    -9.32299     2.00000
    -9.29175     2.00000
    -8.73470     2.00000
    -8.69290     2.00000
    -8.61341     2.00000
    -8.38371     2.00000
    -8.18397     2.00000
    -7.81632     2.00000
    -7.76986     2.00000
    -7.50477     2.00000
    -7.29992     2.00000
    -7.22855     2.00000
    -6.95285     2.00000
    -6.85237     2.00000
    -6.82288     2.00000
    -6.72571     2.00000
    -5.13539     2.00000
    -4.48718     0.00000
    -2.69433     0.00000
    -2.65837     0.00000
    -2.57824     0.00000
    -2.37569     0.00000
    -1.98972     0.00000
    -1.80047     0.00000
    -1.26813     0.00000
    -0.42235     0.00000
     0.10291     0.00000
     1.01768     0.00000
     1.30109     0.00000
     1.99697     0.00000
     3.15688     0.00000
     6.87333     0.00000
     7.04613     0.00000
     7.47565     0.00000
     7.48475     0.00000
     7.52712     0.00000
     8.24024     0.00000
     8.63178     0.00000
     8.63278     0.00000
     9.06952     0.00000
     9.43656     0.00000
     9.64236     0.00000
     9.95414     0.00000
    10.16824     0.00000
    10.77686     0.00000
    10.98509     0.00000
    11.12981     0.00000
    11.15720     0.00000
    11.22659     0.00000
    11.55880     0.00000
    11.58689     0.00000
    12.87244     0.00000
    13.34705     0.00000
    13.44504     0.00000
    14.09277     0.00000
    14.11040     0.00000
    14.43528     0.00000
    14.62416     0.00000
    14.80845     0.00000
    15.31742     0.00000
    15.84110     0.00000
    15.93328     0.00000
    16.02094     0.00000
    16.22010     0.00000
    16.60538     0.00000
    17.63794     0.00000
    19.47485     0.00000
    19.70990     0.00000
    19.95946     0.00000
    19.96895     0.00000
    20.13236     0.00000
    20.22940     0.00000
    21.89097     0.00000
 
 KPT           22  SPIN            1
   -20.66513     2.00000
   -20.15598     2.00000
   -19.93746     2.00000
   -19.93732     2.00000
   -19.44110     2.00000
   -19.44089     2.00000
   -17.88482     2.00000
   -17.87401     2.00000
   -17.46568     2.00000
   -17.45044     2.00000
   -17.43368     2.00000
   -17.03409     2.00000
   -16.72470     2.00000
   -15.70027     2.00000
   -15.14602     2.00000
   -14.95881     2.00000
   -14.56283     2.00000
   -14.29907     2.00000
   -14.21036     2.00000
   -14.17952     2.00000
   -13.74160     2.00000
   -13.27114     2.00000
   -12.20544     2.00000
   -11.71204     2.00000
   -11.28826     2.00000
   -10.99196     2.00000
   -10.59467     2.00000
   -10.21653     2.00000
   -10.19393     2.00000
   -10.11154     2.00000
   -10.11077     2.00000
   -10.07900     2.00000
   -10.02752     2.00000
    -9.88641     2.00000
    -9.88426     2.00000
    -9.66973     2.00000
    -9.65911     2.00000
    -9.43327     2.00000
    -9.43204     2.00000
    -9.38581     2.00000
    -8.94589     2.00000
    -8.91280     2.00000
    -8.90818     2.00000
    -8.69570     2.00000
    -8.48864     2.00000
    -8.36218     2.00000
    -8.20298     2.00000
    -7.54526     2.00000
    -7.40457     2.00000
    -7.32565     2.00000
    -7.07905     2.00000
    -7.03398     2.00000
    -7.01627     2.00000
    -6.78811     2.00000
    -6.19345     2.00000
    -5.11851     2.00000
    -4.52304     0.00000
    -3.36143     0.00000
    -2.72272     0.00000
    -2.36153     0.00000
    -2.29505     0.00000
    -2.27999     0.00000
    -1.89033     0.00000
    -1.75739     0.00000
     0.41483     0.00000
     0.42730     0.00000
     1.34884     0.00000
     1.34905     0.00000
     1.71428     0.00000
     2.81030     0.00000
     7.19324     0.00000
     7.45337     0.00000
     7.48974     0.00000
     7.67511     0.00000
     7.76317     0.00000
     7.99891     0.00000
     8.24630     0.00000
     8.80690     0.00000
     8.86678     0.00000
     9.09512     0.00000
     9.65403     0.00000
    10.28979     0.00000
    10.42752     0.00000
    10.45356     0.00000
    10.67527     0.00000
    10.94019     0.00000
    10.95201     0.00000
    11.45425     0.00000
    11.77226     0.00000
    12.07896     0.00000
    12.28305     0.00000
    12.71593     0.00000
    13.72328     0.00000
    14.26601     0.00000
    14.37079     0.00000
    14.46267     0.00000
    14.47231     0.00000
    15.22527     0.00000
    15.31086     0.00000
    15.33363     0.00000
    15.36656     0.00000
    15.72129     0.00000
    16.05834     0.00000
    16.39645     0.00000
    18.69153     0.00000
    19.37769     0.00000
    19.47962     0.00000
    20.03032     0.00000
    20.04467     0.00000
    20.13073     0.00000
    20.89833     0.00000
    21.72843     0.00000
 
 KPT           23  SPIN            1
   -20.65356     2.00000
   -20.14489     2.00000
   -20.10639     2.00000
   -19.74730     2.00000
   -19.60637     2.00000
   -19.25397     2.00000
   -18.19714     2.00000
   -17.75970     2.00000
   -17.54197     2.00000
   -17.40294     2.00000
   -17.16489     2.00000
   -17.14378     2.00000
   -16.59350     2.00000
   -15.87854     2.00000
   -15.00875     2.00000
   -14.96533     2.00000
   -14.56848     2.00000
   -14.51129     2.00000
   -14.45062     2.00000
   -13.90073     2.00000
   -13.60748     2.00000
   -13.29291     2.00000
   -12.14561     2.00000
   -11.62672     2.00000
   -11.27841     2.00000
   -10.90946     2.00000
   -10.88810     2.00000
   -10.59634     2.00000
   -10.20386     2.00000
   -10.16278     2.00000
   -10.06284     2.00000
    -9.96362     2.00000
    -9.88968     2.00000
    -9.83690     2.00000
    -9.65836     2.00000
    -9.63632     2.00000
    -9.61281     2.00000
    -9.60138     2.00000
    -9.56765     2.00000
    -9.23170     2.00000
    -9.08454     2.00000
    -8.90066     2.00000
    -8.71174     2.00000
    -8.68830     2.00000
    -8.52099     2.00000
    -8.35131     2.00000
    -8.14645     2.00000
    -7.68189     2.00000
    -7.61311     2.00000
    -7.29047     2.00000
    -7.01393     2.00000
    -7.00327     2.00000
    -6.90679     2.00000
    -6.81415     2.00000
    -6.10812     2.00000
    -5.34010     2.00000
    -4.30144     0.00000
    -3.45179     0.00000
    -2.58288     0.00000
    -2.53249     0.00000
    -2.43617     0.00000
    -2.31414     0.00000
    -1.95902     0.00000
    -1.37871     0.00000
     0.10349     0.00000
     0.70975     0.00000
     0.99800     0.00000
     1.67005     0.00000
     1.69220     0.00000
     2.78587     0.00000
     7.18104     0.00000
     7.47300     0.00000
     7.53335     0.00000
     7.64761     0.00000
     7.82965     0.00000
     8.13131     0.00000
     8.31386     0.00000
     8.54388     0.00000
     8.78086     0.00000
     8.89299     0.00000
     9.97115     0.00000
    10.27347     0.00000
    10.27926     0.00000
    10.38026     0.00000
    10.85863     0.00000
    10.86100     0.00000
    11.00243     0.00000
    11.35339     0.00000
    12.13551     0.00000
    12.14959     0.00000
    12.22757     0.00000
    12.59973     0.00000
    13.61101     0.00000
    14.04996     0.00000
    14.10173     0.00000
    14.71951     0.00000
    14.83858     0.00000
    14.88544     0.00000
    15.17706     0.00000
    15.22843     0.00000
    15.56660     0.00000
    15.58414     0.00000
    16.35266     0.00000
    16.71958     0.00000
    18.96889     0.00000
    18.97696     0.00000
    19.02360     0.00000
    19.60151     0.00000
    20.32980     0.00000
    20.61256     0.00000
    21.01755     0.00000
    21.58997     0.00000
 
 KPT           24  SPIN            1
   -20.61901     2.00000
   -20.25368     2.00000
   -20.11117     2.00000
   -19.75077     2.00000
   -19.53636     2.00000
   -19.04651     2.00000
   -18.49811     2.00000
   -18.04625     2.00000
   -17.35393     2.00000
   -17.23732     2.00000
   -17.19996     2.00000
   -16.91657     2.00000
   -16.48458     2.00000
   -16.07448     2.00000
   -14.95683     2.00000
   -14.91127     2.00000
   -14.89254     2.00000
   -14.73161     2.00000
   -14.33415     2.00000
   -13.92932     2.00000
   -13.56700     2.00000
   -12.82799     2.00000
   -11.99002     2.00000
   -11.62175     2.00000
   -11.47601     2.00000
   -11.17173     2.00000
   -11.00046     2.00000
   -10.55642     2.00000
   -10.47209     2.00000
   -10.16623     2.00000
   -10.05971     2.00000
   -10.03444     2.00000
    -9.77118     2.00000
    -9.77003     2.00000
    -9.68431     2.00000
    -9.62255     2.00000
    -9.61912     2.00000
    -9.46871     2.00000
    -9.29972     2.00000
    -9.23593     2.00000
    -9.00966     2.00000
    -8.91330     2.00000
    -8.86213     2.00000
    -8.49646     2.00000
    -8.40512     2.00000
    -8.32544     2.00000
    -8.16041     2.00000
    -7.96354     2.00000
    -7.71821     2.00000
    -7.54902     2.00000
    -7.00170     2.00000
    -6.92898     2.00000
    -6.67508     2.00000
    -6.66741     2.00000
    -6.07320     2.00000
    -5.59825     2.00000
    -4.03562     0.00000
    -3.48469     0.00000
    -2.72965     0.00000
    -2.71164     0.00000
    -2.53401     0.00000
    -2.46936     0.00000
    -1.60996     0.00000
    -0.98072     0.00000
    -0.22833     0.00000
     0.62275     0.00000
     0.96384     0.00000
     1.62668     0.00000
     1.95850     0.00000
     2.71237     0.00000
     7.18225     0.00000
     7.46578     0.00000
     7.54429     0.00000
     7.61615     0.00000
     8.01991     0.00000
     8.31187     0.00000
     8.31957     0.00000
     8.45208     0.00000
     8.69966     0.00000
     8.81177     0.00000
     9.64517     0.00000
     9.96555     0.00000
    10.29405     0.00000
    10.32712     0.00000
    10.94154     0.00000
    11.19353     0.00000
    11.27297     0.00000
    11.35268     0.00000
    11.71343     0.00000
    12.40262     0.00000
    12.86208     0.00000
    12.86400     0.00000
    12.99814     0.00000
    13.81307     0.00000
    14.15460     0.00000
    14.32389     0.00000
    14.45093     0.00000
    14.93836     0.00000
    15.03874     0.00000
    15.13598     0.00000
    15.88847     0.00000
    16.00929     0.00000
    16.94020     0.00000
    16.97916     0.00000
    18.38728     0.00000
    18.58822     0.00000
    19.10636     0.00000
    19.35605     0.00000
    20.52101     0.00000
    21.01539     0.00000
    21.08065     0.00000
    21.39266     0.00000
 
 KPT           25  SPIN            1
   -20.56156     2.00000
   -20.37887     2.00000
   -20.05489     2.00000
   -19.87367     2.00000
   -19.30515     2.00000
   -18.81946     2.00000
   -18.78428     2.00000
   -18.32087     2.00000
   -17.31417     2.00000
   -17.28696     2.00000
   -16.85218     2.00000
   -16.76616     2.00000
   -16.43343     2.00000
   -16.26542     2.00000
   -15.08938     2.00000
   -14.93188     2.00000
   -14.90233     2.00000
   -14.86745     2.00000
   -14.23592     2.00000
   -14.22143     2.00000
   -13.21374     2.00000
   -12.35251     2.00000
   -12.01183     2.00000
   -11.75067     2.00000
   -11.43943     2.00000
   -11.40165     2.00000
   -11.28234     2.00000
   -10.79522     2.00000
   -10.24932     2.00000
   -10.16816     2.00000
   -10.10383     2.00000
    -9.99500     2.00000
    -9.90631     2.00000
    -9.89332     2.00000
    -9.56238     2.00000
    -9.49931     2.00000
    -9.46973     2.00000
    -9.36590     2.00000
    -9.36231     2.00000
    -9.16084     2.00000
    -9.02572     2.00000
    -8.81459     2.00000
    -8.76834     2.00000
    -8.54465     2.00000
    -8.26455     2.00000
    -8.24829     2.00000
    -8.24178     2.00000
    -8.11435     2.00000
    -7.83124     2.00000
    -7.80437     2.00000
    -7.07282     2.00000
    -6.82606     2.00000
    -6.59792     2.00000
    -6.34402     2.00000
    -6.10297     2.00000
    -5.84801     2.00000
    -3.77210     0.00000
    -3.44434     0.00000
    -3.13360     0.00000
    -2.79445     0.00000
    -2.65241     0.00000
    -2.38286     0.00000
    -1.25441     0.00000
    -0.57541     0.00000
    -0.57344     0.00000
     0.22769     0.00000
     1.18578     0.00000
     1.51864     0.00000
     2.21023     0.00000
     2.59090     0.00000
     7.19677     0.00000
     7.45131     0.00000
     7.45382     0.00000
     7.69392     0.00000
     8.13850     0.00000
     8.24147     0.00000
     8.51617     0.00000
     8.53294     0.00000
     8.67515     0.00000
     8.97185     0.00000
     9.09092     0.00000
     9.75275     0.00000
    10.17545     0.00000
    10.54002     0.00000
    10.62133     0.00000
    11.19083     0.00000
    11.50408     0.00000
    11.69452     0.00000
    11.87869     0.00000
    12.43849     0.00000
    12.82035     0.00000
    12.90123     0.00000
    13.57007     0.00000
    13.64625     0.00000
    13.69186     0.00000
    14.01605     0.00000
    14.43317     0.00000
    14.53374     0.00000
    14.65642     0.00000
    15.35876     0.00000
    16.16340     0.00000
    16.78754     0.00000
    17.05417     0.00000
    17.59129     0.00000
    17.74943     0.00000
    18.24137     0.00000
    18.55216     0.00000
    19.67889     0.00000
    20.61081     0.00000
    21.08201     0.00000
    21.14352     0.00000
    21.33609     0.00000
 
 KPT           26  SPIN            1
   -20.48168     2.00000
   -20.48134     2.00000
   -19.97616     2.00000
   -19.97474     2.00000
   -19.05435     2.00000
   -19.05348     2.00000
   -18.58072     2.00000
   -18.57383     2.00000
   -17.37384     2.00000
   -17.20261     2.00000
   -16.78919     2.00000
   -16.50498     2.00000
   -16.48435     2.00000
   -16.44593     2.00000
   -15.08237     2.00000
   -14.96381     2.00000
   -14.88990     2.00000
   -14.86420     2.00000
   -14.52604     2.00000
   -14.12498     2.00000
   -12.84457     2.00000
   -12.43368     2.00000
   -11.87165     2.00000
   -11.79648     2.00000
   -11.68396     2.00000
   -11.45054     2.00000
   -11.10950     2.00000
   -11.06213     2.00000
   -10.28808     2.00000
   -10.01759     2.00000
   -10.01690     2.00000
   -10.01433     2.00000
    -9.97898     2.00000
    -9.94545     2.00000
    -9.47803     2.00000
    -9.47359     2.00000
    -9.42727     2.00000
    -9.39750     2.00000
    -9.33778     2.00000
    -9.24826     2.00000
    -8.81058     2.00000
    -8.77400     2.00000
    -8.73750     2.00000
    -8.51111     2.00000
    -8.50905     2.00000
    -8.40512     2.00000
    -8.05238     2.00000
    -8.01904     2.00000
    -7.93794     2.00000
    -7.90607     2.00000
    -7.12025     2.00000
    -6.70784     2.00000
    -6.61926     2.00000
    -6.20037     2.00000
    -6.08000     2.00000
    -6.01365     2.00000
    -3.52253     0.00000
    -3.52177     0.00000
    -3.32647     0.00000
    -2.78775     0.00000
    -2.76659     0.00000
    -2.32384     0.00000
    -0.93173     0.00000
    -0.89825     0.00000
    -0.18263     0.00000
    -0.16509     0.00000
     1.36966     0.00000
     1.37219     0.00000
     2.42158     0.00000
     2.42327     0.00000
     7.22438     0.00000
     7.37527     0.00000
     7.43963     0.00000
     7.74958     0.00000
     8.00497     0.00000
     8.34313     0.00000
     8.48937     0.00000
     8.64148     0.00000
     8.77916     0.00000
     8.96850     0.00000
     9.25699     0.00000
     9.65419     0.00000
     9.98178     0.00000
    10.15194     0.00000
    10.69089     0.00000
    10.95191     0.00000
    11.92446     0.00000
    11.94435     0.00000
    12.12000     0.00000
    12.40702     0.00000
    12.58023     0.00000
    13.19557     0.00000
    13.32647     0.00000
    13.59460     0.00000
    13.77921     0.00000
    13.88494     0.00000
    14.25318     0.00000
    14.33620     0.00000
    14.66961     0.00000
    15.50479     0.00000
    16.33004     0.00000
    17.05998     0.00000
    17.07115     0.00000
    17.54701     0.00000
    17.94875     0.00000
    17.99951     0.00000
    18.17867     0.00000
    19.98437     0.00000
    20.59443     0.00000
    20.84977     0.00000
    21.01674     0.00000
    21.57353     0.00000
 
 KPT           27  SPIN            1
   -20.56185     2.00000
   -20.37856     2.00000
   -20.05369     2.00000
   -19.87515     2.00000
   -19.30433     2.00000
   -18.82387     2.00000
   -18.78471     2.00000
   -18.31107     2.00000
   -17.41593     2.00000
   -17.10184     2.00000
   -16.97855     2.00000
   -16.64865     2.00000
   -16.61401     2.00000
   -16.16880     2.00000
   -14.89490     2.00000
   -14.88410     2.00000
   -14.87808     2.00000
   -14.83096     2.00000
   -14.79675     2.00000
   -14.06365     2.00000
   -12.87299     2.00000
   -12.46299     2.00000
   -12.18246     2.00000
   -11.89622     2.00000
   -11.39102     2.00000
   -11.38709     2.00000
   -11.11493     2.00000
   -10.82703     2.00000
   -10.42194     2.00000
   -10.10453     2.00000
   -10.03503     2.00000
    -9.90585     2.00000
    -9.88655     2.00000
    -9.87192     2.00000
    -9.70844     2.00000
    -9.55830     2.00000
    -9.40663     2.00000
    -9.36984     2.00000
    -9.20179     2.00000
    -9.12605     2.00000
    -9.07436     2.00000
    -8.76744     2.00000
    -8.64322     2.00000
    -8.61852     2.00000
    -8.61747     2.00000
    -8.28973     2.00000
    -8.23335     2.00000
    -8.04637     2.00000
    -7.76414     2.00000
    -7.72657     2.00000
    -7.14420     2.00000
    -6.72907     2.00000
    -6.57822     2.00000
    -6.35647     2.00000
    -6.29111     2.00000
    -5.68911     2.00000
    -3.89179     0.00000
    -3.28925     0.00000
    -3.13892     0.00000
    -2.93497     0.00000
    -2.63011     0.00000
    -2.29246     0.00000
    -1.29024     0.00000
    -0.60377     0.00000
    -0.54695     0.00000
     0.23731     0.00000
     1.18185     0.00000
     1.52022     0.00000
     2.21194     0.00000
     2.58945     0.00000
     7.26468     0.00000
     7.31001     0.00000
     7.44619     0.00000
     7.74489     0.00000
     7.92242     0.00000
     8.18100     0.00000
     8.34432     0.00000
     8.75872     0.00000
     9.01257     0.00000
     9.30808     0.00000
     9.60740     0.00000
     9.67655     0.00000
     9.78063     0.00000
     9.82472     0.00000
    10.26939     0.00000
    11.28483     0.00000
    11.53021     0.00000
    12.11854     0.00000
    12.44463     0.00000
    12.54400     0.00000
    12.80172     0.00000
    12.80997     0.00000
    13.08952     0.00000
    13.29606     0.00000
    13.88565     0.00000
    13.98113     0.00000
    14.19301     0.00000
    14.72379     0.00000
    14.89284     0.00000
    15.57474     0.00000
    16.29906     0.00000
    16.36856     0.00000
    16.95873     0.00000
    17.30869     0.00000
    17.95292     0.00000
    18.27305     0.00000
    18.72993     0.00000
    20.26559     0.00000
    20.47012     0.00000
    20.51876     0.00000
    20.88085     0.00000
    21.72841     0.00000
 
 KPT           28  SPIN            1
   -20.61923     2.00000
   -20.25344     2.00000
   -20.11030     2.00000
   -19.75209     2.00000
   -19.53575     2.00000
   -19.04893     2.00000
   -18.49723     2.00000
   -18.03336     2.00000
   -17.44008     2.00000
   -17.25647     2.00000
   -16.98633     2.00000
   -16.89106     2.00000
   -16.76856     2.00000
   -15.86461     2.00000
   -15.03791     2.00000
   -14.91272     2.00000
   -14.75577     2.00000
   -14.72463     2.00000
   -14.55409     2.00000
   -14.06183     2.00000
   -13.31768     2.00000
   -12.55774     2.00000
   -12.07290     2.00000
   -12.06442     2.00000
   -11.59560     2.00000
   -10.91733     2.00000
   -10.76681     2.00000
   -10.58576     2.00000
   -10.57615     2.00000
   -10.16680     2.00000
   -10.06769     2.00000
    -9.99987     2.00000
    -9.81891     2.00000
    -9.81853     2.00000
    -9.77114     2.00000
    -9.61948     2.00000
    -9.49604     2.00000
    -9.42224     2.00000
    -9.23831     2.00000
    -9.09207     2.00000
    -9.00781     2.00000
    -8.99466     2.00000
    -8.86964     2.00000
    -8.51416     2.00000
    -8.51368     2.00000
    -8.46644     2.00000
    -8.16961     2.00000
    -7.94290     2.00000
    -7.59896     2.00000
    -7.50578     2.00000
    -7.14498     2.00000
    -6.91075     2.00000
    -6.55660     2.00000
    -6.47995     2.00000
    -6.44295     2.00000
    -5.38107     2.00000
    -4.23154     0.00000
    -3.08697     0.00000
    -3.07730     0.00000
    -2.89555     0.00000
    -2.40177     0.00000
    -2.28863     0.00000
    -1.64232     0.00000
    -1.03144     0.00000
    -0.20565     0.00000
     0.62752     0.00000
     0.95791     0.00000
     1.62759     0.00000
     1.95999     0.00000
     2.71131     0.00000
     7.25782     0.00000
     7.31703     0.00000
     7.48390     0.00000
     7.65292     0.00000
     7.89332     0.00000
     8.03012     0.00000
     8.22924     0.00000
     9.04504     0.00000
     9.12639     0.00000
     9.42988     0.00000
     9.51343     0.00000
     9.67500     0.00000
     9.81913     0.00000
    10.04627     0.00000
    10.21129     0.00000
    11.21337     0.00000
    11.61900     0.00000
    11.62194     0.00000
    12.37795     0.00000
    12.46841     0.00000
    12.59981     0.00000
    12.95902     0.00000
    13.05204     0.00000
    13.59086     0.00000
    13.59304     0.00000
    14.47879     0.00000
    14.53042     0.00000
    14.69163     0.00000
    15.47242     0.00000
    15.57163     0.00000
    15.65735     0.00000
    16.06461     0.00000
    16.64728     0.00000
    16.75392     0.00000
    18.10758     0.00000
    18.95277     0.00000
    19.23295     0.00000
    20.15789     0.00000
    20.23931     0.00000
    20.51598     0.00000
    20.67164     0.00000
    21.80311     0.00000
 
 KPT           29  SPIN            1
   -20.65368     2.00000
   -20.14444     2.00000
   -20.10629     2.00000
   -19.74696     2.00000
   -19.60728     2.00000
   -19.25488     2.00000
   -18.19314     2.00000
   -17.74431     2.00000
   -17.56725     2.00000
   -17.44605     2.00000
   -17.17166     2.00000
   -16.90881     2.00000
   -16.85890     2.00000
   -15.65901     2.00000
   -15.19776     2.00000
   -14.93986     2.00000
   -14.66567     2.00000
   -14.48900     2.00000
   -14.16636     2.00000
   -14.14026     2.00000
   -13.75704     2.00000
   -12.92097     2.00000
   -12.17337     2.00000
   -11.70676     2.00000
   -11.67915     2.00000
   -10.76155     2.00000
   -10.45912     2.00000
   -10.42616     2.00000
   -10.34529     2.00000
   -10.29690     2.00000
   -10.20417     2.00000
   -10.08133     2.00000
    -9.83063     2.00000
    -9.79961     2.00000
    -9.74294     2.00000
    -9.65950     2.00000
    -9.65672     2.00000
    -9.61337     2.00000
    -9.22992     2.00000
    -9.13432     2.00000
    -9.08411     2.00000
    -9.00776     2.00000
    -8.85223     2.00000
    -8.72199     2.00000
    -8.41965     2.00000
    -8.31732     2.00000
    -8.31587     2.00000
    -7.63964     2.00000
    -7.53745     2.00000
    -7.25244     2.00000
    -7.14248     2.00000
    -7.12304     2.00000
    -6.78636     2.00000
    -6.64575     2.00000
    -6.31058     2.00000
    -5.13109     2.00000
    -4.50130     0.00000
    -3.23376     0.00000
    -2.88794     0.00000
    -2.61035     0.00000
    -2.31192     0.00000
    -2.10394     0.00000
    -1.97702     0.00000
    -1.46156     0.00000
     0.12067     0.00000
     0.70101     0.00000
     0.99984     0.00000
     1.67099     0.00000
     1.69262     0.00000
     2.78531     0.00000
     7.21886     0.00000
     7.38045     0.00000
     7.54750     0.00000
     7.55951     0.00000
     7.89073     0.00000
     7.91893     0.00000
     8.21897     0.00000
     9.02578     0.00000
     9.10380     0.00000
     9.30405     0.00000
     9.34452     0.00000
    10.05840     0.00000
    10.07411     0.00000
    10.11523     0.00000
    10.79919     0.00000
    11.01201     0.00000
    11.13120     0.00000
    11.65977     0.00000
    11.95292     0.00000
    12.19319     0.00000
    12.21276     0.00000
    13.17140     0.00000
    13.35573     0.00000
    13.73082     0.00000
    14.04787     0.00000
    14.57238     0.00000
    14.87729     0.00000
    14.95209     0.00000
    15.09380     0.00000
    15.50024     0.00000
    15.71372     0.00000
    15.97750     0.00000
    15.98253     0.00000
    16.45128     0.00000
    18.37576     0.00000
    19.57506     0.00000
    19.67527     0.00000
    19.77477     0.00000
    19.90658     0.00000
    20.38792     0.00000
    20.72904     0.00000
    21.80145     0.00000
 
 KPT           30  SPIN            1
   -20.44123     2.00000
   -20.44112     2.00000
   -19.71912     2.00000
   -19.71902     2.00000
   -19.71895     2.00000
   -19.71886     2.00000
   -17.69351     2.00000
   -17.69346     2.00000
   -17.68853     2.00000
   -17.68847     2.00000
   -17.05307     2.00000
   -17.05301     2.00000
   -16.18530     2.00000
   -16.18517     2.00000
   -14.98558     2.00000
   -14.98536     2.00000
   -14.73463     2.00000
   -14.73441     2.00000
   -13.97578     2.00000
   -13.97569     2.00000
   -13.72468     2.00000
   -13.72457     2.00000
   -12.03361     2.00000
   -12.03355     2.00000
   -10.72912     2.00000
   -10.72904     2.00000
   -10.45603     2.00000
   -10.45593     2.00000
   -10.36798     2.00000
   -10.36771     2.00000
   -10.02423     2.00000
   -10.02417     2.00000
    -9.97509     2.00000
    -9.97496     2.00000
    -9.77739     2.00000
    -9.77723     2.00000
    -9.20330     2.00000
    -9.20321     2.00000
    -9.20035     2.00000
    -9.20026     2.00000
    -9.08535     2.00000
    -9.08521     2.00000
    -9.03872     2.00000
    -9.03861     2.00000
    -8.66360     2.00000
    -8.66345     2.00000
    -7.85991     2.00000
    -7.85980     2.00000
    -7.23831     2.00000
    -7.23824     2.00000
    -7.18267     2.00000
    -7.18259     2.00000
    -6.81846     2.00000
    -6.81836     2.00000
    -5.64923     2.00000
    -5.64896     2.00000
    -3.96832     0.00000
    -3.96798     0.00000
    -2.69101     0.00000
    -2.69079     0.00000
    -2.09115     0.00000
    -2.09098     0.00000
    -1.98418     0.00000
    -1.98409     0.00000
     0.92631     0.00000
     0.92652     0.00000
     0.93148     0.00000
     0.93165     0.00000
     2.31332     0.00000
     2.31356     0.00000
     7.32287     0.00000
     7.32298     0.00000
     7.74288     0.00000
     7.74291     0.00000
     8.17159     0.00000
     8.17352     0.00000
     8.21182     0.00000
     8.21269     0.00000
     9.23356     0.00000
     9.23399     0.00000
     9.27127     0.00000
     9.27217     0.00000
    10.55799     0.00000
    10.55869     0.00000
    11.27068     0.00000
    11.27155     0.00000
    11.35210     0.00000
    11.35300     0.00000
    11.60677     0.00000
    11.60744     0.00000
    12.22656     0.00000
    12.22842     0.00000
    14.33498     0.00000
    14.33727     0.00000
    14.49165     0.00000
    14.49282     0.00000
    14.82491     0.00000
    14.82553     0.00000
    14.89467     0.00000
    14.89586     0.00000
    15.42531     0.00000
    15.42594     0.00000
    16.36538     0.00000
    16.36595     0.00000
    19.18495     0.00000
    19.18607     0.00000
    19.66228     0.00000
    19.66382     0.00000
    20.12079     0.00000
    20.12181     0.00000
    21.42286     0.00000
    21.42393     0.00000
 
 KPT           31  SPIN            1
   -20.42988     2.00000
   -20.42962     2.00000
   -19.88676     2.00000
   -19.88642     2.00000
   -19.53063     2.00000
   -19.52998     2.00000
   -17.99903     2.00000
   -17.99784     2.00000
   -17.38938     2.00000
   -17.36873     2.00000
   -17.10394     2.00000
   -16.98746     2.00000
   -16.31523     2.00000
   -16.08792     2.00000
   -15.05158     2.00000
   -14.90554     2.00000
   -14.87160     2.00000
   -14.62378     2.00000
   -14.38663     2.00000
   -14.03470     2.00000
   -13.53672     2.00000
   -13.39446     2.00000
   -11.99252     2.00000
   -11.97781     2.00000
   -11.12618     2.00000
   -10.82860     2.00000
   -10.64318     2.00000
   -10.34108     2.00000
   -10.32180     2.00000
   -10.13880     2.00000
   -10.09628     2.00000
    -9.96302     2.00000
    -9.96228     2.00000
    -9.80765     2.00000
    -9.77253     2.00000
    -9.73738     2.00000
    -9.37987     2.00000
    -9.37888     2.00000
    -9.20846     2.00000
    -9.15363     2.00000
    -9.05308     2.00000
    -9.00610     2.00000
    -9.00082     2.00000
    -8.83421     2.00000
    -8.79696     2.00000
    -8.55465     2.00000
    -7.94888     2.00000
    -7.82917     2.00000
    -7.49589     2.00000
    -7.47566     2.00000
    -7.00460     2.00000
    -6.89914     2.00000
    -6.88711     2.00000
    -6.71565     2.00000
    -5.77606     2.00000
    -5.60079     2.00000
    -4.01213     0.00000
    -3.83814     0.00000
    -2.80862     0.00000
    -2.59775     0.00000
    -2.47326     0.00000
    -2.28578     0.00000
    -1.69881     0.00000
    -1.64176     0.00000
     0.59491     0.00000
     0.60037     0.00000
     1.23129     0.00000
     1.23587     0.00000
     2.28966     0.00000
     2.29041     0.00000
     7.27491     0.00000
     7.38449     0.00000
     7.75035     0.00000
     7.78511     0.00000
     8.02535     0.00000
     8.22422     0.00000
     8.24422     0.00000
     8.32796     0.00000
     8.96139     0.00000
     9.22112     0.00000
     9.23559     0.00000
     9.60236     0.00000
    10.18208     0.00000
    10.59114     0.00000
    11.00580     0.00000
    11.18139     0.00000
    11.43154     0.00000
    11.43802     0.00000
    11.83364     0.00000
    11.98570     0.00000
    12.02361     0.00000
    12.62444     0.00000
    13.97217     0.00000
    14.12779     0.00000
    14.22058     0.00000
    14.25354     0.00000
    14.62712     0.00000
    14.71646     0.00000
    15.03369     0.00000
    15.55311     0.00000
    15.55422     0.00000
    15.80181     0.00000
    15.91594     0.00000
    16.72573     0.00000
    18.82869     0.00000
    19.22089     0.00000
    19.54707     0.00000
    19.61887     0.00000
    20.02130     0.00000
    20.55085     0.00000
    21.27637     0.00000
    21.51221     0.00000
 
 KPT           32  SPIN            1
   -20.39573     2.00000
   -20.39528     2.00000
   -20.03297     2.00000
   -20.03239     2.00000
   -19.32176     2.00000
   -19.32042     2.00000
   -18.29680     2.00000
   -18.29359     2.00000
   -17.14022     2.00000
   -17.10407     2.00000
   -17.04526     2.00000
   -16.90723     2.00000
   -16.45159     2.00000
   -16.07583     2.00000
   -15.10074     2.00000
   -14.96130     2.00000
   -14.81657     2.00000
   -14.74926     2.00000
   -14.57432     2.00000
   -14.32103     2.00000
   -13.08077     2.00000
   -13.04674     2.00000
   -11.84806     2.00000
   -11.84532     2.00000
   -11.52492     2.00000
   -11.24429     2.00000
   -10.91677     2.00000
   -10.64915     2.00000
    -9.97293     2.00000
    -9.92624     2.00000
    -9.92490     2.00000
    -9.88057     2.00000
    -9.83354     2.00000
    -9.82896     2.00000
    -9.68703     2.00000
    -9.58101     2.00000
    -9.53541     2.00000
    -9.53493     2.00000
    -9.34615     2.00000
    -9.24835     2.00000
    -9.07467     2.00000
    -8.95675     2.00000
    -8.78962     2.00000
    -8.78194     2.00000
    -8.60312     2.00000
    -8.46554     2.00000
    -8.07273     2.00000
    -7.86836     2.00000
    -7.76382     2.00000
    -7.76232     2.00000
    -6.95721     2.00000
    -6.81303     2.00000
    -6.59412     2.00000
    -6.59193     2.00000
    -5.94121     2.00000
    -5.66160     2.00000
    -3.93813     0.00000
    -3.66411     0.00000
    -2.94912     0.00000
    -2.83981     0.00000
    -2.53041     0.00000
    -2.52700     0.00000
    -1.30144     0.00000
    -1.27418     0.00000
     0.24158     0.00000
     0.24668     0.00000
     1.50515     0.00000
     1.50910     0.00000
     2.21946     0.00000
     2.22089     0.00000
     7.24054     0.00000
     7.45946     0.00000
     7.80512     0.00000
     7.87669     0.00000
     7.88828     0.00000
     8.23748     0.00000
     8.32949     0.00000
     8.48763     0.00000
     8.67577     0.00000
     9.15372     0.00000
     9.32750     0.00000
     9.89686     0.00000
     9.94941     0.00000
     9.96867     0.00000
    10.74957     0.00000
    11.44372     0.00000
    11.50257     0.00000
    11.64870     0.00000
    11.68434     0.00000
    12.42992     0.00000
    12.71363     0.00000
    13.02357     0.00000
    13.48049     0.00000
    13.54520     0.00000
    13.63742     0.00000
    13.91043     0.00000
    14.63441     0.00000
    14.83890     0.00000
    14.88419     0.00000
    15.38594     0.00000
    16.14390     0.00000
    16.21755     0.00000
    16.29540     0.00000
    16.98856     0.00000
    18.49811     0.00000
    18.70730     0.00000
    19.04950     0.00000
    19.90101     0.00000
    20.28515     0.00000
    20.90365     0.00000
    21.07757     0.00000
    21.53685     0.00000
 
 KPT           33  SPIN            1
   -20.33882     2.00000
   -20.33821     2.00000
   -20.15723     2.00000
   -20.15654     2.00000
   -19.09305     2.00000
   -19.09093     2.00000
   -18.57946     2.00000
   -18.57602     2.00000
   -17.16194     2.00000
   -16.87838     2.00000
   -16.81258     2.00000
   -16.72759     2.00000
   -16.58292     2.00000
   -16.19826     2.00000
   -15.13097     2.00000
   -15.02174     2.00000
   -14.93254     2.00000
   -14.72576     2.00000
   -14.58684     2.00000
   -14.57722     2.00000
   -12.68358     2.00000
   -12.61580     2.00000
   -11.91990     2.00000
   -11.68860     2.00000
   -11.65777     2.00000
   -11.61419     2.00000
   -11.18237     2.00000
   -10.98814     2.00000
    -9.86481     2.00000
    -9.86309     2.00000
    -9.84161     2.00000
    -9.67360     2.00000
    -9.66897     2.00000
    -9.66761     2.00000
    -9.64039     2.00000
    -9.62504     2.00000
    -9.58428     2.00000
    -9.46106     2.00000
    -9.45798     2.00000
    -9.36536     2.00000
    -9.17389     2.00000
    -9.14262     2.00000
    -8.55521     2.00000
    -8.54565     2.00000
    -8.38685     2.00000
    -8.36615     2.00000
    -8.19909     2.00000
    -8.03949     2.00000
    -8.03234     2.00000
    -7.97817     2.00000
    -6.99220     2.00000
    -6.68501     2.00000
    -6.44886     2.00000
    -6.31064     2.00000
    -6.11722     2.00000
    -5.82161     2.00000
    -3.75470     0.00000
    -3.47492     0.00000
    -3.18355     0.00000
    -3.10984     0.00000
    -2.68525     0.00000
    -2.48969     0.00000
    -0.90362     0.00000
    -0.89338     0.00000
    -0.12829     0.00000
    -0.12495     0.00000
     1.74407     0.00000
     1.74741     0.00000
     2.10387     0.00000
     2.10596     0.00000
     7.21989     0.00000
     7.54765     0.00000
     7.76249     0.00000
     7.90094     0.00000
     8.01548     0.00000
     8.15183     0.00000
     8.41964     0.00000
     8.53583     0.00000
     8.64105     0.00000
     9.05140     0.00000
     9.43146     0.00000
     9.56581     0.00000
     9.71871     0.00000
    10.30958     0.00000
    10.32073     0.00000
    11.05877     0.00000
    11.97542     0.00000
    12.02603     0.00000
    12.05868     0.00000
    12.82492     0.00000
    12.89918     0.00000
    13.05707     0.00000
    13.06573     0.00000
    13.42673     0.00000
    13.43505     0.00000
    13.56997     0.00000
    14.23202     0.00000
    14.78687     0.00000
    14.96868     0.00000
    14.98683     0.00000
    16.40963     0.00000
    16.87764     0.00000
    17.03089     0.00000
    17.14855     0.00000
    18.13609     0.00000
    18.23836     0.00000
    18.42125     0.00000
    20.23841     0.00000
    20.44672     0.00000
    20.83372     0.00000
    21.17783     0.00000
    21.49202     0.00000
 
 KPT           34  SPIN            1
   -20.25927     2.00000
   -20.25925     2.00000
   -20.25860     2.00000
   -20.25852     2.00000
   -18.84532     2.00000
   -18.84528     2.00000
   -18.84242     2.00000
   -18.84234     2.00000
   -17.16917     2.00000
   -16.78634     2.00000
   -16.70412     2.00000
   -16.70402     2.00000
   -16.43360     2.00000
   -16.43355     2.00000
   -15.14117     2.00000
   -15.12945     2.00000
   -14.79028     2.00000
   -14.79022     2.00000
   -14.64399     2.00000
   -14.64391     2.00000
   -12.30718     2.00000
   -12.30711     2.00000
   -12.14913     2.00000
   -12.14900     2.00000
   -11.43256     2.00000
   -11.43251     2.00000
   -11.31806     2.00000
   -11.31802     2.00000
    -9.84581     2.00000
    -9.77895     2.00000
    -9.77894     2.00000
    -9.77722     2.00000
    -9.77713     2.00000
    -9.54967     2.00000
    -9.54952     2.00000
    -9.50534     2.00000
    -9.50526     2.00000
    -9.42020     2.00000
    -9.36584     2.00000
    -9.36578     2.00000
    -9.35284     2.00000
    -9.35266     2.00000
    -8.30457     2.00000
    -8.30450     2.00000
    -8.30355     2.00000
    -8.30347     2.00000
    -8.29465     2.00000
    -8.29453     2.00000
    -8.14989     2.00000
    -8.14978     2.00000
    -7.00388     2.00000
    -6.63968     2.00000
    -6.28917     2.00000
    -6.28908     2.00000
    -6.04736     2.00000
    -6.04727     2.00000
    -3.49417     0.00000
    -3.49408     0.00000
    -3.28704     0.00000
    -3.28700     0.00000
    -2.74073     0.00000
    -2.47607     0.00000
    -0.51001     0.00000
    -0.50995     0.00000
    -0.50892     0.00000
    -0.50863     0.00000
     1.94461     0.00000
     1.94463     0.00000
     1.94727     0.00000
     1.94742     0.00000
     7.21301     0.00000
     7.64829     0.00000
     7.64927     0.00000
     8.02463     0.00000
     8.02520     0.00000
     8.19755     0.00000
     8.19830     0.00000
     8.72424     0.00000
     8.72446     0.00000
     9.05646     0.00000
     9.05696     0.00000
     9.65810     0.00000
     9.91408     0.00000
     9.91464     0.00000
    10.67992     0.00000
    10.68037     0.00000
    12.39463     0.00000
    12.39543     0.00000
    12.52454     0.00000
    12.52544     0.00000
    12.55359     0.00000
    12.55469     0.00000
    13.20597     0.00000
    13.20654     0.00000
    13.82866     0.00000
    13.82903     0.00000
    14.13143     0.00000
    14.13188     0.00000
    15.01645     0.00000
    15.01733     0.00000
    16.51756     0.00000
    17.20228     0.00000
    17.52077     0.00000
    17.52228     0.00000
    17.74412     0.00000
    17.74447     0.00000
    18.13227     0.00000
    20.50112     0.00000
    20.55163     0.00000
    20.55175     0.00000
    21.37310     0.00000
    21.37368     0.00000
 
